------------------------------------------------------------------------------------------------------------------------

[2561-11-12 16:44:53 #1 store] 
Database 'D:\Code\java\WareHouse\objectdb\db\Stock.odb' is opened by 13744@DESKTOP-BNHP2H1

[2561-11-12 16:44:53 #2 store] 
Configuration path: D:\Code\java\WareHouse\objectdb\objectdb.conf

[2561-11-12 16:44:53 #3 type.registry] 
New type product.Product

[2561-11-12 16:44:53 #4 type] 
Type product.Product is not enhanced.

------------------------------------------------------------------------------------------------------------------------

[2561-11-12 16:48:04 #1 store.file] 
readTextFile error.

[2561-11-12 16:48:04 #2 store.file] 
java.io.FileNotFoundException: C:\Users\Field\.objectdb\exolorer.xml (The system cannot find the file specified)
	at java.io.FileInputStream.open0(Native Method)
	at java.io.FileInputStream.open(Unknown Source)
	at java.io.FileInputStream.<init>(Unknown Source)
	at java.io.FileInputStream.<init>(Unknown Source)
	at com.objectdb.o.STH.A(STH.java:717)
	at com.objectdb.o.CNF.<init>(CNF.java:106)
	at com.objectdb.o.CNF.<clinit>(CNF.java:32)
	at com.objectdb.o.MainFrame.init(MainFrame.java:132)
	at com.objectdb.o.EXA.<init>(EXA.java:77)
	at com.objectdb.Explorer$1.run(Explorer.java:57)
	at java.awt.event.InvocationEvent.dispatch(Unknown Source)
	at java.awt.EventQueue.dispatchEventImpl(Unknown Source)
	at java.awt.EventQueue.access$500(Unknown Source)
	at java.awt.EventQueue$3.run(Unknown Source)
	at java.awt.EventQueue$3.run(Unknown Source)
	at java.security.AccessController.doPrivileged(Native Method)
	at java.security.ProtectionDomain$JavaSecurityAccessImpl.doIntersectionPrivilege(Unknown Source)
	at java.awt.EventQueue.dispatchEvent(Unknown Source)
	at java.awt.EventDispatchThread.pumpOneEventForFilters(Unknown Source)
	at java.awt.EventDispatchThread.pumpEventsForFilter(Unknown Source)
	at java.awt.EventDispatchThread.pumpEventsForHierarchy(Unknown Source)
	at java.awt.EventDispatchThread.pumpEvents(Unknown Source)
	at java.awt.EventDispatchThread.pumpEvents(Unknown Source)
	at java.awt.EventDispatchThread.run(Unknown Source)

[2561-11-12 16:48:04 #3 store] 
Database 'D:\Code\java\WareHouse\objectdb\db\Stock.odb' has been recovered (tr. 1-3)

[2561-11-12 16:48:04 #4 store] 
Database 'D:\Code\java\WareHouse\objectdb\db\Stock.odb' is opened by 15844@DESKTOP-BNHP2H1

[2561-11-12 16:48:04 #5 store] 
Configuration path: D:\Code\java\WareHouse\objectdb\objectdb.conf

[2561-11-12 16:48:04 #6 store.file] 
readTextFile error.

[2561-11-12 16:48:04 #7 store.file] 
java.io.FileNotFoundException: C:\Users\Field\.objectdb\exolorer.xml (The system cannot find the file specified)
	at java.io.FileInputStream.open0(Native Method)
	at java.io.FileInputStream.open(Unknown Source)
	at java.io.FileInputStream.<init>(Unknown Source)
	at java.io.FileInputStream.<init>(Unknown Source)
	at com.objectdb.o.STH.A(STH.java:717)
	at com.objectdb.o.CNF.<init>(CNF.java:106)
	at com.objectdb.o.CNF.f(CNF.java:130)
	at com.objectdb.o.CNC.s(CNC.java:119)
	at com.objectdb.o.EXA.<init>(EXA.java:87)
	at com.objectdb.Explorer$1.run(Explorer.java:57)
	at java.awt.event.InvocationEvent.dispatch(Unknown Source)
	at java.awt.EventQueue.dispatchEventImpl(Unknown Source)
	at java.awt.EventQueue.access$500(Unknown Source)
	at java.awt.EventQueue$3.run(Unknown Source)
	at java.awt.EventQueue$3.run(Unknown Source)
	at java.security.AccessController.doPrivileged(Native Method)
	at java.security.ProtectionDomain$JavaSecurityAccessImpl.doIntersectionPrivilege(Unknown Source)
	at java.awt.EventQueue.dispatchEvent(Unknown Source)
	at java.awt.EventDispatchThread.pumpOneEventForFilters(Unknown Source)
	at java.awt.EventDispatchThread.pumpEventsForFilter(Unknown Source)
	at java.awt.EventDispatchThread.pumpEventsForHierarchy(Unknown Source)
	at java.awt.EventDispatchThread.pumpEvents(Unknown Source)
	at java.awt.EventDispatchThread.pumpEvents(Unknown Source)
	at java.awt.EventDispatchThread.run(Unknown Source)

[2561-11-12 16:48:18 #8 store] 
Database 'D:\Code\java\WareHouse\objectdb\db\Stock.odb' is closed by 15844@DESKTOP-BNHP2H1

------------------------------------------------------------------------------------------------------------------------

[2561-11-12 16:49:19 #1 store] 
Database 'D:\Code\java\WareHouse\objectdb\db\Stock.odb' is opened by 13660@DESKTOP-BNHP2H1

[2561-11-12 16:49:19 #2 store] 
Configuration path: D:\Code\java\WareHouse\objectdb\objectdb.conf

[2561-11-12 16:49:19 #3 type] 
Type product.Product is not enhanced.

------------------------------------------------------------------------------------------------------------------------

[2561-11-12 16:49:51 #1 store] 
Database 'D:\Code\java\WareHouse\objectdb\db\Stock.odb' has been recovered (tr. 4-9)

[2561-11-12 16:49:51 #2 store] 
Database 'D:\Code\java\WareHouse\objectdb\db\Stock.odb' is opened by 10164@DESKTOP-BNHP2H1

[2561-11-12 16:49:51 #3 store] 
Configuration path: D:\Code\java\WareHouse\objectdb\objectdb.conf

[2561-11-12 16:49:51 #4 type] 
Type product.Product is not enhanced.

------------------------------------------------------------------------------------------------------------------------

[2561-11-12 16:53:44 #1 store] 
Database 'D:\Code\java\WareHouse\objectdb\db\Stock.odb' has been recovered (tr. 10-10)

[2561-11-12 16:53:44 #2 store] 
Database 'D:\Code\java\WareHouse\objectdb\db\Stock.odb' is opened by 12996@DESKTOP-BNHP2H1

[2561-11-12 16:53:44 #3 store] 
Configuration path: D:\Code\java\WareHouse\objectdb\objectdb.conf

[2561-11-12 16:53:44 #4 type] 
Type product.Product is not enhanced.

------------------------------------------------------------------------------------------------------------------------

[2561-11-12 16:57:40 #1 explorer] 
[ObjectDB 2.7.6] javax.persistence.PersistenceException
Attempt to open a database file 'D:\Code\java\WareHouse\objectdb\db\Stock.odb' that is currently in use by another process (error 141)
	at com.objectdb.Explorer$1.run(Explorer.java:57)
	at java.awt.event.InvocationEvent.dispatch(Unknown Source)
	at java.awt.EventQueue.dispatchEventImpl(Unknown Source)
	at java.awt.EventQueue.access$500(Unknown Source)
	at java.awt.EventQueue$3.run(Unknown Source)
	at java.awt.EventQueue$3.run(Unknown Source)
	at java.security.AccessController.doPrivileged(Native Method)
	at java.security.ProtectionDomain$JavaSecurityAccessImpl.doIntersectionPrivilege(Unknown Source)
	at java.awt.EventQueue.dispatchEvent(Unknown Source)
	at java.awt.EventDispatchThread.pumpOneEventForFilters(Unknown Source)
	at java.awt.EventDispatchThread.pumpEventsForFilter(Unknown Source)
	at java.awt.EventDispatchThread.pumpEventsForHierarchy(Unknown Source)
	at java.awt.EventDispatchThread.pumpEvents(Unknown Source)
	at java.awt.EventDispatchThread.pumpEvents(Unknown Source)
	at java.awt.EventDispatchThread.run(Unknown Source)
Caused by: com.objectdb.o.UserException: Attempt to open a database file 'D:\Code\java\WareHouse\objectdb\db\Stock.odb' that is currently in use by another process
	at com.objectdb.o.MSG.a(MSG.java:64)
	at com.objectdb.o.LFL.J(LFL.java:930)
	at com.objectdb.o.LFL.x(LFL.java:887)
	at com.objectdb.o.LFL.x(LFL.java:797)
	at com.objectdb.o.DFL.<init>(DFL.java:241)
	at com.objectdb.o.DMG.<init>(DMG.java:27)
	at com.objectdb.o.MST.<init>(MST.java:127)
	at com.objectdb.o.MST.ao(MST.java:109)
	at com.objectdb.o.MSF.Z0(MSF.java:190)
	at com.objectdb.o.OMF.r(OMF.java:783)
	at com.objectdb.jpa.EMF.r(EMF.java:130)
	at com.objectdb.o.OMF.w(OMF.java:694)
	at com.objectdb.jpa.EMF.createEntityManager(EMF.java:149)
	... 17 more

------------------------------------------------------------------------------------------------------------------------

[2561-11-12 16:57:50 #1 store] 
Database 'D:\Code\java\WareHouse\objectdb\db\Stock.odb' is opened by 11596@DESKTOP-BNHP2H1

[2561-11-12 16:57:50 #2 store] 
Configuration path: D:\Code\java\WareHouse\objectdb\objectdb.conf

[2561-11-12 16:58:17 #3 store] 
Database 'D:\Code\java\WareHouse\objectdb\db\Stock.odb' is closed by 11596@DESKTOP-BNHP2H1

------------------------------------------------------------------------------------------------------------------------

[2561-11-12 18:17:21 #1 store] 
Database 'D:\Code\java\WareHouse\objectdb\db\Stock.odb' is opened by 13372@DESKTOP-BNHP2H1

[2561-11-12 18:17:21 #2 store] 
Configuration path: D:\Code\java\WareHouse\objectdb\objectdb.conf

[2561-11-12 18:17:21 #3 type] 
Type product.Product is not enhanced.

------------------------------------------------------------------------------------------------------------------------

[2561-11-12 18:19:59 #1 store] 
Database 'D:\Code\java\WareHouse\objectdb\db\Stock.odb' is opened by 15592@DESKTOP-BNHP2H1

[2561-11-12 18:19:59 #2 store] 
Configuration path: D:\Code\java\WareHouse\objectdb\objectdb.conf

[2561-11-12 18:19:59 #3 type] 
Type product.Product is not enhanced.

------------------------------------------------------------------------------------------------------------------------

[2561-11-12 18:21:16 #1 store] 
Database 'D:\Code\java\WareHouse\objectdb\db\Stock.odb' has been recovered (tr. 11-11)

[2561-11-12 18:21:16 #2 store] 
Database 'D:\Code\java\WareHouse\objectdb\db\Stock.odb' is opened by 15384@DESKTOP-BNHP2H1

[2561-11-12 18:21:16 #3 store] 
Configuration path: D:\Code\java\WareHouse\objectdb\objectdb.conf

[2561-11-12 18:21:16 #4 type] 
Type product.Product is not enhanced.

------------------------------------------------------------------------------------------------------------------------

[2561-11-12 19:50:48 #1 store] 
Database 'D:\Code\java\WareHouse\objectdb\db\Stock.odb' has been recovered (tr. 12-15)

[2561-11-12 19:50:49 #2 store] 
Database 'D:\Code\java\WareHouse\objectdb\db\Stock.odb' is opened by 2200@DESKTOP-BNHP2H1

[2561-11-12 19:50:49 #3 store] 
Configuration path: D:\Code\java\WareHouse\objectdb\objectdb.conf

[2561-11-12 19:50:49 #4 type] 
Type product.Product is not enhanced.

------------------------------------------------------------------------------------------------------------------------

[2561-11-12 19:51:33 #1 store] 
Database 'D:\Code\java\WareHouse\objectdb\db\Stock.odb' is opened by 10592@DESKTOP-BNHP2H1

[2561-11-12 19:51:33 #2 store] 
Configuration path: D:\Code\java\WareHouse\objectdb\objectdb.conf

[2561-11-12 19:51:34 #3 type] 
Type product.Product is not enhanced.

------------------------------------------------------------------------------------------------------------------------

[2561-11-12 19:53:42 #1 store] 
Database 'D:\Code\java\WareHouse\objectdb\db\Stock.odb' is opened by 9224@DESKTOP-BNHP2H1

[2561-11-12 19:53:42 #2 store] 
Configuration path: D:\Code\java\WareHouse\objectdb\objectdb.conf

[2561-11-12 19:53:43 #3 type] 
Type product.Product is not enhanced.

------------------------------------------------------------------------------------------------------------------------

[2561-11-12 20:37:24 #1 store] 
Database 'D:\Code\java\WareHouse\objectdb\db\Stock.odb' is opened by 2224@DESKTOP-BNHP2H1

[2561-11-12 20:37:24 #2 store] 
Configuration path: D:\Code\java\WareHouse\objectdb\objectdb.conf

[2561-11-12 20:37:24 #3 type] 
Type product.Product is not enhanced.

------------------------------------------------------------------------------------------------------------------------

[2561-11-12 20:43:29 #1 store] 
Database 'D:\Code\java\WareHouse\objectdb\db\Stock.odb' is opened by 4340@DESKTOP-BNHP2H1

[2561-11-12 20:43:29 #2 store] 
Configuration path: D:\Code\java\WareHouse\objectdb\objectdb.conf

[2561-11-12 20:43:29 #3 type] 
Type product.Product is not enhanced.

------------------------------------------------------------------------------------------------------------------------

[2561-11-12 20:57:37 #1 store] 
Database 'D:\Code\java\WareHouse\objectdb\db\Stock.odb' is opened by 8792@DESKTOP-BNHP2H1

[2561-11-12 20:57:37 #2 store] 
Configuration path: D:\Code\java\WareHouse\objectdb\objectdb.conf

[2561-11-12 20:57:37 #3 type] 
Type product.Product is not enhanced.

------------------------------------------------------------------------------------------------------------------------

[2561-11-12 21:11:43 #1 store] 
Database 'D:\Code\java\WareHouse\objectdb\db\Stock.odb' is opened by 11876@DESKTOP-BNHP2H1

[2561-11-12 21:11:43 #2 store] 
Configuration path: D:\Code\java\WareHouse\objectdb\objectdb.conf

[2561-11-12 21:11:43 #3 type] 
Type product.Product is not enhanced.

------------------------------------------------------------------------------------------------------------------------

[2561-11-12 21:14:25 #1 store] 
Database 'D:\Code\java\WareHouse\objectdb\db\Stock.odb' is opened by 2232@DESKTOP-BNHP2H1

[2561-11-12 21:14:26 #2 store] 
Configuration path: D:\Code\java\WareHouse\objectdb\objectdb.conf

[2561-11-12 21:14:26 #3 type] 
Type product.Product is not enhanced.

------------------------------------------------------------------------------------------------------------------------

[2561-11-12 22:26:49 #1 store] 
Database 'D:\Code\java\WareHouse\objectdb\db\Stock.odb' is opened by 2924@DESKTOP-BNHP2H1

[2561-11-12 22:26:49 #2 store] 
Configuration path: D:\Code\java\WareHouse\objectdb\objectdb.conf

[2561-11-12 22:26:49 #3 type] 
Type product.Product is not enhanced.

------------------------------------------------------------------------------------------------------------------------

[2561-11-12 22:27:53 #1 store] 
Database 'D:\Code\java\WareHouse\objectdb\db\Stock.odb' is opened by 8104@DESKTOP-BNHP2H1

[2561-11-12 22:27:53 #2 store] 
Configuration path: D:\Code\java\WareHouse\objectdb\objectdb.conf

[2561-11-12 22:27:53 #3 type] 
Type product.Product is not enhanced.

------------------------------------------------------------------------------------------------------------------------

[2561-11-12 22:28:11 #1 store] 
Database 'D:\Code\java\WareHouse\objectdb\db\Stock.odb' is opened by 11324@DESKTOP-BNHP2H1

[2561-11-12 22:28:11 #2 store] 
Configuration path: D:\Code\java\WareHouse\objectdb\objectdb.conf

[2561-11-12 22:28:11 #3 type] 
Type product.Product is not enhanced.

------------------------------------------------------------------------------------------------------------------------

[2561-11-12 22:31:11 #1 store] 
Database 'D:\Code\java\WareHouse\objectdb\db\Stock.odb' is opened by 14152@DESKTOP-BNHP2H1

[2561-11-12 22:31:11 #2 store] 
Configuration path: D:\Code\java\WareHouse\objectdb\objectdb.conf

[2561-11-12 22:31:11 #3 type] 
Type product.Product is not enhanced.

------------------------------------------------------------------------------------------------------------------------

[2561-11-12 22:37:17 #1 store] 
Database 'D:\Code\java\WareHouse\objectdb\db\Stock.odb' is opened by 13016@DESKTOP-BNHP2H1

[2561-11-12 22:37:17 #2 store] 
Configuration path: D:\Code\java\WareHouse\objectdb\objectdb.conf

[2561-11-12 22:37:17 #3 type] 
Type product.Product is not enhanced.

------------------------------------------------------------------------------------------------------------------------

[2561-11-12 22:38:37 #1 store] 
Database 'D:\Code\java\WareHouse\objectdb\db\Stock.odb' is opened by 4376@DESKTOP-BNHP2H1

[2561-11-12 22:38:37 #2 store] 
Configuration path: D:\Code\java\WareHouse\objectdb\objectdb.conf

[2561-11-12 22:38:37 #3 type] 
Type product.Product is not enhanced.

------------------------------------------------------------------------------------------------------------------------

[2561-11-12 22:43:03 #1 store] 
Database 'D:\Code\java\WareHouse\objectdb\db\Stock.odb' is opened by 8728@DESKTOP-BNHP2H1

[2561-11-12 22:43:03 #2 store] 
Configuration path: D:\Code\java\WareHouse\objectdb\objectdb.conf

[2561-11-12 22:43:03 #3 type] 
Type product.Product is not enhanced.

------------------------------------------------------------------------------------------------------------------------

[2561-11-12 22:44:43 #1 store] 
Database 'D:\Code\java\WareHouse\objectdb\db\Stock.odb' is opened by 8700@DESKTOP-BNHP2H1

[2561-11-12 22:44:43 #2 store] 
Configuration path: D:\Code\java\WareHouse\objectdb\objectdb.conf

[2561-11-12 22:44:43 #3 type] 
Type product.Product is not enhanced.

------------------------------------------------------------------------------------------------------------------------

[2561-11-12 22:50:11 #1 store] 
Database 'D:\Code\java\WareHouse\objectdb\db\Stock.odb' is opened by 12824@DESKTOP-BNHP2H1

[2561-11-12 22:50:11 #2 store] 
Configuration path: D:\Code\java\WareHouse\objectdb\objectdb.conf

[2561-11-12 22:50:11 #3 type] 
Type product.Product is not enhanced.

------------------------------------------------------------------------------------------------------------------------

[2561-11-12 22:51:47 #1 store] 
Database 'D:\Code\java\WareHouse\objectdb\db\Stock.odb' is opened by 5844@DESKTOP-BNHP2H1

[2561-11-12 22:51:47 #2 store] 
Configuration path: D:\Code\java\WareHouse\objectdb\objectdb.conf

[2561-11-12 22:51:47 #3 type] 
Type product.Product is not enhanced.

------------------------------------------------------------------------------------------------------------------------

[2561-11-12 22:52:46 #1 store] 
Database 'D:\Code\java\WareHouse\objectdb\db\Stock.odb' is opened by 10168@DESKTOP-BNHP2H1

[2561-11-12 22:52:46 #2 store] 
Configuration path: D:\Code\java\WareHouse\objectdb\objectdb.conf

[2561-11-12 22:52:46 #3 type] 
Type product.Product is not enhanced.

------------------------------------------------------------------------------------------------------------------------

[2561-11-12 22:53:21 #1 store] 
Database 'D:\Code\java\WareHouse\objectdb\db\Stock.odb' is opened by 13772@DESKTOP-BNHP2H1

[2561-11-12 22:53:21 #2 store] 
Configuration path: D:\Code\java\WareHouse\objectdb\objectdb.conf

[2561-11-12 22:53:21 #3 type] 
Type product.Product is not enhanced.

------------------------------------------------------------------------------------------------------------------------

[2561-11-12 22:56:55 #1 store] 
Database 'D:\Code\java\WareHouse\objectdb\db\Stock.odb' is opened by 9060@DESKTOP-BNHP2H1

[2561-11-12 22:56:55 #2 store] 
Configuration path: D:\Code\java\WareHouse\objectdb\objectdb.conf

[2561-11-12 22:56:55 #3 type] 
Type product.Product is not enhanced.

------------------------------------------------------------------------------------------------------------------------

[2561-11-12 22:58:37 #1 store] 
Database 'D:\Code\java\WareHouse\objectdb\db\Stock.odb' is opened by 12984@DESKTOP-BNHP2H1

[2561-11-12 22:58:37 #2 store] 
Configuration path: D:\Code\java\WareHouse\objectdb\objectdb.conf

[2561-11-12 22:58:37 #3 type] 
Type product.Product is not enhanced.

------------------------------------------------------------------------------------------------------------------------

[2561-11-12 22:59:07 #1 store] 
Database 'D:\Code\java\WareHouse\objectdb\db\Stock.odb' is opened by 12496@DESKTOP-BNHP2H1

[2561-11-12 22:59:07 #2 store] 
Configuration path: D:\Code\java\WareHouse\objectdb\objectdb.conf

[2561-11-12 22:59:07 #3 type] 
Type product.Product is not enhanced.

