------------------------------------------------------------------------------------------------------------------------

[2018-12-17 16:24:07 #1 store] 
Database 'C:\Users\wrs\Desktop\OOAD Proj\New folder\WareHouse\objectdb\db\Stock.odb' is opened by 12432@DESKTOP-A953IGJ

[2018-12-17 16:24:07 #2 store] 
Configuration path: C:\Users\wrs\Desktop\OOAD Proj\New folder\WareHouse\objectdb\objectdb.conf

[2018-12-17 16:24:07 #3 type] 
Type product.Product is not enhanced.

[2018-12-17 16:24:07 #4 type] 
Type user.User is not enhanced.

[2018-12-17 16:24:07 #5 type] 
Type ordermanagement.OrderProduct is not enhanced.

[2018-12-17 16:24:07 #6 type] 
Type ordermanagement.Order is not enhanced.

[2018-12-17 16:24:07 #7 type] 
Type transaction.Transaction is not enhanced.

------------------------------------------------------------------------------------------------------------------------

[2018-12-17 16:28:01 #1 store] 
Database 'C:\Users\wrs\Desktop\OOAD Proj\New folder\WareHouse\objectdb\db\Stock.odb' is opened by 1220@DESKTOP-A953IGJ

[2018-12-17 16:28:01 #2 store] 
Configuration path: C:\Users\wrs\Desktop\OOAD Proj\New folder\WareHouse\objectdb\objectdb.conf

[2018-12-17 16:28:01 #3 type] 
Type product.Product is not enhanced.

[2018-12-17 16:28:01 #4 type] 
Type user.User is not enhanced.

[2018-12-17 16:28:01 #5 type] 
Type ordermanagement.OrderProduct is not enhanced.

[2018-12-17 16:28:01 #6 type] 
Type ordermanagement.Order is not enhanced.

[2018-12-17 16:28:01 #7 type] 
Type transaction.Transaction is not enhanced.

------------------------------------------------------------------------------------------------------------------------

[2018-12-17 20:43:23 #1 store] 
Database 'C:\Users\wrs\Desktop\OOAD Proj\New folder\WareHouse\objectdb\db\Stock.odb' is opened by 4196@DESKTOP-A953IGJ

[2018-12-17 20:43:23 #2 store] 
Configuration path: C:\Users\wrs\Desktop\OOAD Proj\New folder\WareHouse\objectdb\objectdb.conf

[2018-12-17 20:43:24 #3 type] 
Type product.Product is not enhanced.

[2018-12-17 20:43:24 #4 type] 
Type user.User is not enhanced.

[2018-12-17 20:43:24 #5 type] 
Type ordermanagement.OrderProduct is not enhanced.

[2018-12-17 20:43:24 #6 type] 
Type ordermanagement.Order is not enhanced.

[2018-12-17 20:43:24 #7 type] 
Type transaction.Transaction is not enhanced.

------------------------------------------------------------------------------------------------------------------------

[2018-12-17 20:44:02 #1 store] 
Database 'C:\Users\wrs\Desktop\OOAD Proj\New folder\WareHouse\objectdb\db\Stock.odb' is opened by 10416@DESKTOP-A953IGJ

[2018-12-17 20:44:02 #2 store] 
Configuration path: C:\Users\wrs\Desktop\OOAD Proj\New folder\WareHouse\objectdb\objectdb.conf

[2018-12-17 20:44:02 #3 type] 
Type product.Product is not enhanced.

[2018-12-17 20:44:03 #4 type] 
Type user.User is not enhanced.

[2018-12-17 20:44:03 #5 type] 
Type ordermanagement.OrderProduct is not enhanced.

[2018-12-17 20:44:03 #6 type] 
Type ordermanagement.Order is not enhanced.

[2018-12-17 20:44:03 #7 type] 
Type transaction.Transaction is not enhanced.

------------------------------------------------------------------------------------------------------------------------

[2018-12-17 20:47:31 #1 store] 
Database 'C:\Users\wrs\Desktop\OOAD Proj\New folder\WareHouse\objectdb\db\Stock.odb' is opened by 2308@DESKTOP-A953IGJ

[2018-12-17 20:47:31 #2 store] 
Configuration path: C:\Users\wrs\Desktop\OOAD Proj\New folder\WareHouse\objectdb\objectdb.conf

[2018-12-17 20:47:31 #3 type] 
Type product.Product is not enhanced.

[2018-12-17 20:47:31 #4 type] 
Type user.User is not enhanced.

[2018-12-17 20:47:31 #5 type] 
Type ordermanagement.OrderProduct is not enhanced.

[2018-12-17 20:47:31 #6 type] 
Type ordermanagement.Order is not enhanced.

[2018-12-17 20:47:31 #7 type] 
Type transaction.Transaction is not enhanced.

------------------------------------------------------------------------------------------------------------------------

[2018-12-17 20:48:32 #1 store] 
Database 'C:\Users\wrs\Desktop\OOAD Proj\New folder\WareHouse\objectdb\db\Stock.odb' is opened by 1180@DESKTOP-A953IGJ

[2018-12-17 20:48:32 #2 store] 
Configuration path: C:\Users\wrs\Desktop\OOAD Proj\New folder\WareHouse\objectdb\objectdb.conf

[2018-12-17 20:48:32 #3 type] 
Type product.Product is not enhanced.

[2018-12-17 20:48:32 #4 type] 
Type user.User is not enhanced.

[2018-12-17 20:48:32 #5 type] 
Type ordermanagement.OrderProduct is not enhanced.

[2018-12-17 20:48:32 #6 type] 
Type ordermanagement.Order is not enhanced.

[2018-12-17 20:48:32 #7 type] 
Type transaction.Transaction is not enhanced.

------------------------------------------------------------------------------------------------------------------------

[2018-12-17 20:49:11 #1 store] 
Database 'C:\Users\wrs\Desktop\OOAD Proj\New folder\WareHouse\objectdb\db\Stock.odb' is opened by 7680@DESKTOP-A953IGJ

[2018-12-17 20:49:11 #2 store] 
Configuration path: C:\Users\wrs\Desktop\OOAD Proj\New folder\WareHouse\objectdb\objectdb.conf

[2018-12-17 20:49:11 #3 type] 
Type product.Product is not enhanced.

[2018-12-17 20:49:11 #4 type] 
Type user.User is not enhanced.

[2018-12-17 20:49:11 #5 type] 
Type ordermanagement.OrderProduct is not enhanced.

[2018-12-17 20:49:11 #6 type] 
Type ordermanagement.Order is not enhanced.

[2018-12-17 20:49:11 #7 type] 
Type transaction.Transaction is not enhanced.

------------------------------------------------------------------------------------------------------------------------

[2018-12-17 22:03:26 #1 store] 
Database 'C:\Users\wrs\Desktop\ooadOnFire\WareHouse\objectdb\db\Stock.odb' is opened by 9452@DESKTOP-A953IGJ

[2018-12-17 22:03:26 #2 store] 
Configuration path: C:\Users\wrs\Desktop\OOAD Proj\New folder\WareHouse\objectdb\objectdb.conf

[2018-12-17 22:03:39 #3 store] 
Database 'C:\Users\wrs\Desktop\ooadOnFire\WareHouse\objectdb\db\Stock.odb' is closed by 9452@DESKTOP-A953IGJ

------------------------------------------------------------------------------------------------------------------------

[2018-12-17 22:10:14 #1 store] 
Database 'C:\Users\wrs\Desktop\ooadOnFire\WareHouse\objectdb\db\Stock.odb' has been recovered (tr. 130-131)

[2018-12-17 22:10:14 #2 store] 
Database 'C:\Users\wrs\Desktop\ooadOnFire\WareHouse\objectdb\db\Stock.odb' is opened by 11660@DESKTOP-A953IGJ

[2018-12-17 22:10:14 #3 store] 
Configuration path: C:\Users\wrs\Desktop\OOAD Proj\New folder\WareHouse\objectdb\objectdb.conf

[2018-12-17 22:13:13 #4 store] 
Database 'C:\Users\wrs\Desktop\ooadOnFire\WareHouse\objectdb\db\Stock.odb' is closed by 11660@DESKTOP-A953IGJ

------------------------------------------------------------------------------------------------------------------------

[2018-12-17 22:15:32 #1 store] 
Database 'C:\Users\wrs\Desktop\ooadOnFire\WareHouse\objectdb\db\Stock.odb' has been recovered (tr. 132-136)

[2018-12-17 22:15:32 #2 store] 
Database 'C:\Users\wrs\Desktop\ooadOnFire\WareHouse\objectdb\db\Stock.odb' is opened by 8748@DESKTOP-A953IGJ

[2018-12-17 22:15:32 #3 store] 
Configuration path: C:\Users\wrs\Desktop\OOAD Proj\New folder\WareHouse\objectdb\objectdb.conf

[2018-12-17 22:15:44 #4 store] 
Database 'C:\Users\wrs\Desktop\ooadOnFire\WareHouse\objectdb\db\Stock.odb' is closed by 8748@DESKTOP-A953IGJ

------------------------------------------------------------------------------------------------------------------------

[2018-12-17 22:22:44 #1 store] 
Database 'C:\Users\wrs\Desktop\ooadOnFire\WareHouse\objectdb\db\Stock.odb' is opened by 11192@DESKTOP-A953IGJ

[2018-12-17 22:22:44 #2 store] 
Configuration path: C:\Users\wrs\Desktop\OOAD Proj\New folder\WareHouse\objectdb\objectdb.conf

[2018-12-17 22:22:48 #3 store] 
Database 'C:\Users\wrs\Desktop\ooadOnFire\WareHouse\objectdb\db\Stock.odb' is closed by 11192@DESKTOP-A953IGJ

------------------------------------------------------------------------------------------------------------------------

[2018-12-17 22:24:25 #1 store] 
Database 'C:\Users\wrs\Desktop\OOAD Proj\New folder\WareHouse\objectdb\db\Stock.odb' is opened by 12824@DESKTOP-A953IGJ

[2018-12-17 22:24:25 #2 store] 
Configuration path: C:\Users\wrs\Desktop\OOAD Proj\New folder\WareHouse\objectdb\objectdb.conf

[2018-12-17 22:24:25 #3 type.registry] 
New type product.Shelf

[2018-12-17 22:24:25 #4 type] 
Type product.Shelf is not enhanced.

[2018-12-17 22:24:25 #5 type.registry] 
New type product.Pallet

[2018-12-17 22:24:25 #6 type] 
Type product.Pallet is not enhanced.

[2018-12-17 22:24:25 #7 type.registry] 
New type product.Product

[2018-12-17 22:24:25 #8 type] 
Type product.Product is not enhanced.

[2018-12-17 22:24:25 #9 type.registry] 
New type java.util.ArrayList<java.lang.Object>

[2018-12-17 22:24:25 #10 type.registry] 
New type java.util.ArrayList<product.Pallet>

[2018-12-17 22:24:25 #11 type.registry] 
New type java.util.ArrayList<product.Product>

[2018-12-17 22:24:26 #12 type.registry] 
New type user.User

[2018-12-17 22:24:26 #13 type] 
Type user.User is not enhanced.

------------------------------------------------------------------------------------------------------------------------

[2018-12-17 22:24:42 #1 store] 
Database 'C:\Users\wrs\Desktop\OOAD Proj\New folder\WareHouse\objectdb\db\Stock.odb' has been recovered (tr. 1-12)

[2018-12-17 22:24:42 #2 store] 
Database 'C:\Users\wrs\Desktop\OOAD Proj\New folder\WareHouse\objectdb\db\Stock.odb' is opened by 10648@DESKTOP-A953IGJ

[2018-12-17 22:24:42 #3 store] 
Configuration path: C:\Users\wrs\Desktop\OOAD Proj\New folder\WareHouse\objectdb\objectdb.conf

[2018-12-17 22:24:56 #4 store] 
Database 'C:\Users\wrs\Desktop\OOAD Proj\New folder\WareHouse\objectdb\db\Stock.odb' is closed by 10648@DESKTOP-A953IGJ

------------------------------------------------------------------------------------------------------------------------

[2018-12-17 22:25:05 #1 store] 
Database 'C:\Users\wrs\Desktop\OOAD Proj\New folder\WareHouse\objectdb\db\Stock.odb' is opened by 8968@DESKTOP-A953IGJ

[2018-12-17 22:25:05 #2 store] 
Configuration path: C:\Users\wrs\Desktop\OOAD Proj\New folder\WareHouse\objectdb\objectdb.conf

[2018-12-17 22:25:06 #3 type] 
Type product.Shelf is not enhanced.

[2018-12-17 22:25:06 #4 type] 
Type product.Pallet is not enhanced.

[2018-12-17 22:25:06 #5 type] 
Type product.Product is not enhanced.

[2018-12-17 22:25:06 #6 type] 
Type user.User is not enhanced.

------------------------------------------------------------------------------------------------------------------------

[2018-12-17 22:25:26 #1 store] 
Database 'C:\Users\wrs\Desktop\OOAD Proj\New folder\WareHouse\objectdb\db\Stock.odb' has been recovered (tr. 13-14)

[2018-12-17 22:25:26 #2 store] 
Database 'C:\Users\wrs\Desktop\OOAD Proj\New folder\WareHouse\objectdb\db\Stock.odb' is opened by 10704@DESKTOP-A953IGJ

[2018-12-17 22:25:26 #3 store] 
Configuration path: C:\Users\wrs\Desktop\OOAD Proj\New folder\WareHouse\objectdb\objectdb.conf

[2018-12-17 22:26:33 #4 store] 
Database 'C:\Users\wrs\Desktop\OOAD Proj\New folder\WareHouse\objectdb\db\Stock.odb' is closed by 10704@DESKTOP-A953IGJ

------------------------------------------------------------------------------------------------------------------------

[2018-12-17 22:26:33 #1 store] 
Database 'C:\Users\wrs\Desktop\OOAD Proj\New folder\WareHouse\objectdb\db\Stock.odb' is opened by 8924@DESKTOP-A953IGJ

[2018-12-17 22:26:33 #2 store] 
Configuration path: C:\Users\wrs\Desktop\OOAD Proj\New folder\WareHouse\objectdb\objectdb.conf

[2018-12-17 22:26:33 #3 type] 
Type product.Shelf is not enhanced.

[2018-12-17 22:26:33 #4 type] 
Type product.Pallet is not enhanced.

[2018-12-17 22:26:33 #5 type] 
Type product.Product is not enhanced.

[2018-12-17 22:26:33 #6 type] 
Type user.User is not enhanced.

------------------------------------------------------------------------------------------------------------------------

[2018-12-17 22:27:15 #1 store] 
Database 'C:\Users\wrs\Desktop\OOAD Proj\New folder\WareHouse\objectdb\db\Stock.odb' has been recovered (tr. 15-16)

[2018-12-17 22:27:15 #2 store] 
Database 'C:\Users\wrs\Desktop\OOAD Proj\New folder\WareHouse\objectdb\db\Stock.odb' is opened by 12260@DESKTOP-A953IGJ

[2018-12-17 22:27:15 #3 store] 
Configuration path: C:\Users\wrs\Desktop\OOAD Proj\New folder\WareHouse\objectdb\objectdb.conf

[2018-12-17 22:27:15 #4 type] 
Type product.Shelf is not enhanced.

[2018-12-17 22:27:15 #5 type] 
Type product.Pallet is not enhanced.

[2018-12-17 22:27:15 #6 type] 
Type product.Product is not enhanced.

[2018-12-17 22:27:15 #7 type] 
Type user.User is not enhanced.

------------------------------------------------------------------------------------------------------------------------

[2018-12-17 22:27:24 #1 store] 
Database 'C:\Users\wrs\Desktop\OOAD Proj\New folder\WareHouse\objectdb\db\Stock.odb' is opened by 8908@DESKTOP-A953IGJ

[2018-12-17 22:27:24 #2 store] 
Configuration path: C:\Users\wrs\Desktop\OOAD Proj\New folder\WareHouse\objectdb\objectdb.conf

[2018-12-17 22:28:13 #3 store] 
Database 'C:\Users\wrs\Desktop\OOAD Proj\New folder\WareHouse\objectdb\db\Stock.odb' is closed by 8908@DESKTOP-A953IGJ

------------------------------------------------------------------------------------------------------------------------

[2018-12-17 22:32:50 #1 store] 
Database 'C:\Users\wrs\Desktop\OOAD Proj\New folder\WareHouse\objectdb\db\Stock.odb' is opened by 1728@DESKTOP-A953IGJ

[2018-12-17 22:32:50 #2 store] 
Configuration path: C:\Users\wrs\Desktop\OOAD Proj\New folder\WareHouse\objectdb\objectdb.conf

[2018-12-17 22:33:00 #3 store] 
Database 'C:\Users\wrs\Desktop\OOAD Proj\New folder\WareHouse\objectdb\db\Stock.odb' is closed by 1728@DESKTOP-A953IGJ

------------------------------------------------------------------------------------------------------------------------

[2018-12-17 22:33:10 #1 store] 
Database 'C:\Users\wrs\Desktop\OOAD Proj\New folder\WareHouse\objectdb\db\Stock.odb' is opened by 4352@DESKTOP-A953IGJ

[2018-12-17 22:33:10 #2 store] 
Configuration path: C:\Users\wrs\Desktop\OOAD Proj\New folder\WareHouse\objectdb\objectdb.conf

[2018-12-17 22:33:10 #3 type] 
Type product.Shelf is not enhanced.

[2018-12-17 22:33:10 #4 type] 
Type product.Pallet is not enhanced.

[2018-12-17 22:33:10 #5 type] 
Type product.Product is not enhanced.

[2018-12-17 22:33:10 #6 type] 
Type user.User is not enhanced.

------------------------------------------------------------------------------------------------------------------------

[2018-12-17 22:33:59 #1 store] 
Database 'C:\Users\wrs\Desktop\OOAD Proj\New folder\WareHouse\objectdb\db\Stock.odb' has been recovered (tr. 17-17)

[2018-12-17 22:33:59 #2 store] 
Database 'C:\Users\wrs\Desktop\OOAD Proj\New folder\WareHouse\objectdb\db\Stock.odb' is opened by 6240@DESKTOP-A953IGJ

[2018-12-17 22:33:59 #3 store] 
Configuration path: C:\Users\wrs\Desktop\OOAD Proj\New folder\WareHouse\objectdb\objectdb.conf

[2018-12-17 22:36:18 #4 store] 
Database 'C:\Users\wrs\Desktop\OOAD Proj\New folder\WareHouse\objectdb\db\Stock.odb' is closed by 6240@DESKTOP-A953IGJ

------------------------------------------------------------------------------------------------------------------------

[2018-12-17 22:37:28 #1 store] 
Database 'C:\Users\wrs\Desktop\OOAD Proj\New folder\WareHouse\objectdb\db\Stock.odb' is opened by 9876@DESKTOP-A953IGJ

[2018-12-17 22:37:28 #2 store] 
Configuration path: C:\Users\wrs\Desktop\OOAD Proj\New folder\WareHouse\objectdb\objectdb.conf

[2018-12-17 22:37:28 #3 type] 
Type product.Shelf is not enhanced.

[2018-12-17 22:37:28 #4 type] 
Type product.Pallet is not enhanced.

[2018-12-17 22:37:28 #5 type] 
Type product.Product is not enhanced.

[2018-12-17 22:37:28 #6 type] 
Type user.User is not enhanced.

------------------------------------------------------------------------------------------------------------------------

[2018-12-17 22:37:36 #1 store] 
Database 'C:\Users\wrs\Desktop\OOAD Proj\New folder\WareHouse\objectdb\db\Stock.odb' has been recovered (tr. 18-18)

[2018-12-17 22:37:36 #2 store] 
Database 'C:\Users\wrs\Desktop\OOAD Proj\New folder\WareHouse\objectdb\db\Stock.odb' is opened by 5488@DESKTOP-A953IGJ

[2018-12-17 22:37:36 #3 store] 
Configuration path: C:\Users\wrs\Desktop\OOAD Proj\New folder\WareHouse\objectdb\objectdb.conf

[2018-12-17 22:37:48 #4 store] 
Database 'C:\Users\wrs\Desktop\OOAD Proj\New folder\WareHouse\objectdb\db\Stock.odb' is closed by 5488@DESKTOP-A953IGJ

