------------------------------------------------------------------------------------------------------------------------

[2018-11-13 17:20:55 #1 store] 
Database 'C:\Users\itwspsx\Desktop\WareHouse\objectdb\db\Stock.odb' is opened by 4688@DESKTOP-QHVITT6

[2018-11-13 17:20:55 #2 store] 
Configuration path: C:\Users\itwspsx\Desktop\WareHouse\objectdb\objectdb.conf

[2018-11-13 17:20:55 #3 type] 
Type product.Product is not enhanced.

------------------------------------------------------------------------------------------------------------------------

[2018-11-13 17:22:11 #1 store] 
Database 'C:\Users\itwspsx\Desktop\WareHouse\objectdb\db\Stock.odb' is opened by 3200@DESKTOP-QHVITT6

[2018-11-13 17:22:11 #2 store] 
Configuration path: C:\Users\itwspsx\Desktop\WareHouse\objectdb\objectdb.conf

[2018-11-13 17:22:11 #3 type] 
Type product.Product is not enhanced.

------------------------------------------------------------------------------------------------------------------------

[2018-11-13 17:22:34 #1 store] 
Database 'C:\Users\itwspsx\Desktop\WareHouse\objectdb\db\Stock.odb' is opened by 6340@DESKTOP-QHVITT6

[2018-11-13 17:22:34 #2 store] 
Configuration path: C:\Users\itwspsx\Desktop\WareHouse\objectdb\objectdb.conf

[2018-11-13 17:22:34 #3 type] 
Type product.Product is not enhanced.

------------------------------------------------------------------------------------------------------------------------

[2018-11-13 17:23:44 #1 store] 
Database 'C:\Users\itwspsx\Desktop\WareHouse\objectdb\db\Stock.odb' is opened by 18276@DESKTOP-QHVITT6

[2018-11-13 17:23:44 #2 store] 
Configuration path: C:\Users\itwspsx\Desktop\WareHouse\objectdb\objectdb.conf

[2018-11-13 17:23:44 #3 type] 
Type product.Product is not enhanced.

------------------------------------------------------------------------------------------------------------------------

[2018-11-13 17:25:01 #1 store] 
Database 'C:\Users\itwspsx\Desktop\WareHouse\objectdb\db\Stock.odb' is opened by 18480@DESKTOP-QHVITT6

[2018-11-13 17:25:01 #2 store] 
Configuration path: C:\Users\itwspsx\Desktop\WareHouse\objectdb\objectdb.conf

[2018-11-13 17:25:01 #3 type] 
Type product.Product is not enhanced.

------------------------------------------------------------------------------------------------------------------------

[2018-11-13 17:27:27 #1 store] 
Database 'C:\Users\itwspsx\Desktop\WareHouse\objectdb\db\Stock.odb' is opened by 16012@DESKTOP-QHVITT6

[2018-11-13 17:27:28 #2 store] 
Configuration path: C:\Users\itwspsx\Desktop\WareHouse\objectdb\objectdb.conf

[2018-11-13 17:27:28 #3 type] 
Type product.Product is not enhanced.

------------------------------------------------------------------------------------------------------------------------

[2018-11-13 17:29:54 #1 store] 
Database 'C:\Users\itwspsx\Desktop\WareHouse\objectdb\db\Stock.odb' is opened by 8028@DESKTOP-QHVITT6

[2018-11-13 17:29:54 #2 store] 
Configuration path: C:\Users\itwspsx\Desktop\WareHouse\objectdb\objectdb.conf

[2018-11-13 17:29:54 #3 type] 
Type product.Product is not enhanced.

------------------------------------------------------------------------------------------------------------------------

[2018-11-13 17:34:42 #1 store] 
Database 'C:\Users\itwspsx\Desktop\WareHouse\objectdb\db\Stock.odb' is opened by 3236@DESKTOP-QHVITT6

[2018-11-13 17:34:42 #2 store] 
Configuration path: C:\Users\itwspsx\Desktop\WareHouse\objectdb\objectdb.conf

[2018-11-13 17:34:43 #3 type] 
Type product.Product is not enhanced.

------------------------------------------------------------------------------------------------------------------------

[2018-11-13 17:35:08 #1 store] 
Database 'C:\Users\itwspsx\Desktop\WareHouse\objectdb\db\Stock.odb' is opened by 17788@DESKTOP-QHVITT6

[2018-11-13 17:35:08 #2 store] 
Configuration path: C:\Users\itwspsx\Desktop\WareHouse\objectdb\objectdb.conf

[2018-11-13 17:35:08 #3 type] 
Type product.Product is not enhanced.

------------------------------------------------------------------------------------------------------------------------

[2018-11-13 17:37:25 #1 store] 
Database 'C:\Users\itwspsx\Desktop\WareHouse\objectdb\db\Stock.odb' is opened by 17452@DESKTOP-QHVITT6

[2018-11-13 17:37:25 #2 store] 
Configuration path: C:\Users\itwspsx\Desktop\WareHouse\objectdb\objectdb.conf

[2018-11-13 17:37:25 #3 type] 
Type product.Product is not enhanced.

------------------------------------------------------------------------------------------------------------------------

[2018-11-13 17:39:00 #1 store] 
Database 'C:\Users\itwspsx\Desktop\WareHouse\objectdb\db\Stock.odb' is opened by 14196@DESKTOP-QHVITT6

[2018-11-13 17:39:00 #2 store] 
Configuration path: C:\Users\itwspsx\Desktop\WareHouse\objectdb\objectdb.conf

[2018-11-13 17:39:00 #3 type] 
Type product.Product is not enhanced.

------------------------------------------------------------------------------------------------------------------------

[2018-11-13 17:41:07 #1 store] 
Database 'C:\Users\itwspsx\Desktop\WareHouse\objectdb\db\Stock.odb' is opened by 14744@DESKTOP-QHVITT6

[2018-11-13 17:41:07 #2 store] 
Configuration path: C:\Users\itwspsx\Desktop\WareHouse\objectdb\objectdb.conf

[2018-11-13 17:41:07 #3 type] 
Type product.Product is not enhanced.

------------------------------------------------------------------------------------------------------------------------

[2018-11-13 17:41:27 #1 store] 
Database 'C:\Users\itwspsx\Desktop\WareHouse\objectdb\db\Stock.odb' is opened by 4504@DESKTOP-QHVITT6

[2018-11-13 17:41:27 #2 store] 
Configuration path: C:\Users\itwspsx\Desktop\WareHouse\objectdb\objectdb.conf

[2018-11-13 17:41:27 #3 type] 
Type product.Product is not enhanced.

------------------------------------------------------------------------------------------------------------------------

[2018-11-13 18:23:16 #1 store] 
Database 'C:\Users\itwspsx\Desktop\WareHouse\objectdb\db\Stock.odb' is opened by 14744@DESKTOP-QHVITT6

[2018-11-13 18:23:16 #2 store] 
Configuration path: C:\Users\itwspsx\Desktop\WareHouse\objectdb\objectdb.conf

[2018-11-13 18:23:16 #3 type] 
Type product.Product is not enhanced.

------------------------------------------------------------------------------------------------------------------------

[2018-11-13 18:26:22 #1 store] 
Database 'C:\Users\itwspsx\Desktop\WareHouse\objectdb\db\Stock.odb' has been recovered (tr. 16-16)

[2018-11-13 18:26:22 #2 store] 
Database 'C:\Users\itwspsx\Desktop\WareHouse\objectdb\db\Stock.odb' is opened by 18172@DESKTOP-QHVITT6

[2018-11-13 18:26:22 #3 store] 
Configuration path: C:\Users\itwspsx\Desktop\WareHouse\objectdb\objectdb.conf

[2018-11-13 18:26:22 #4 type] 
Type product.Product is not enhanced.

------------------------------------------------------------------------------------------------------------------------

[2018-11-13 20:20:42 #1 store] 
Database 'C:\Users\itwspsx\Desktop\WareHouse\objectdb\db\Stock.odb' is opened by 17628@DESKTOP-QHVITT6

[2018-11-13 20:20:42 #2 store] 
Configuration path: C:\Users\itwspsx\Desktop\WareHouse\objectdb\objectdb.conf

[2018-11-13 20:20:42 #3 type] 
Type product.Product is not enhanced.

------------------------------------------------------------------------------------------------------------------------

[2018-11-13 20:45:33 #1 store] 
Database 'C:\Users\itwspsx\Desktop\WareHouse\objectdb\db\Stock.odb' is opened by 11956@DESKTOP-QHVITT6

[2018-11-13 20:45:33 #2 store] 
Configuration path: C:\Users\itwspsx\Desktop\WareHouse\objectdb\objectdb.conf

[2018-11-13 20:45:33 #3 type] 
Type product.Product is not enhanced.

------------------------------------------------------------------------------------------------------------------------

[2018-11-13 20:48:45 #1 store.file] 
readTextFile error.

[2018-11-13 20:48:45 #2 store.file] 
java.io.FileNotFoundException: C:\Users\itwspsx\.objectdb\exolorer.xml (The system cannot find the file specified)
	at java.io.FileInputStream.open0(Native Method)
	at java.io.FileInputStream.open(Unknown Source)
	at java.io.FileInputStream.<init>(Unknown Source)
	at java.io.FileInputStream.<init>(Unknown Source)
	at com.objectdb.o.STH.A(STH.java:717)
	at com.objectdb.o.CNF.<init>(CNF.java:106)
	at com.objectdb.o.CNF.<clinit>(CNF.java:32)
	at com.objectdb.o.MainFrame.init(MainFrame.java:132)
	at com.objectdb.o.EXA.<init>(EXA.java:77)
	at com.objectdb.Explorer$1.run(Explorer.java:57)
	at java.awt.event.InvocationEvent.dispatch(Unknown Source)
	at java.awt.EventQueue.dispatchEventImpl(Unknown Source)
	at java.awt.EventQueue.access$500(Unknown Source)
	at java.awt.EventQueue$3.run(Unknown Source)
	at java.awt.EventQueue$3.run(Unknown Source)
	at java.security.AccessController.doPrivileged(Native Method)
	at java.security.ProtectionDomain$JavaSecurityAccessImpl.doIntersectionPrivilege(Unknown Source)
	at java.awt.EventQueue.dispatchEvent(Unknown Source)
	at java.awt.EventDispatchThread.pumpOneEventForFilters(Unknown Source)
	at java.awt.EventDispatchThread.pumpEventsForFilter(Unknown Source)
	at java.awt.EventDispatchThread.pumpEventsForHierarchy(Unknown Source)
	at java.awt.EventDispatchThread.pumpEvents(Unknown Source)
	at java.awt.EventDispatchThread.pumpEvents(Unknown Source)
	at java.awt.EventDispatchThread.run(Unknown Source)

[2018-11-13 20:48:46 #3 store] 
Database 'C:\Users\itwspsx\Desktop\WareHouse\objectdb\db\Stock.odb' is opened by 17456@DESKTOP-QHVITT6

[2018-11-13 20:48:46 #4 store] 
Configuration path: C:\Users\itwspsx\Desktop\WareHouse\objectdb\objectdb.conf

[2018-11-13 20:48:46 #5 store.file] 
readTextFile error.

[2018-11-13 20:48:46 #6 store.file] 
java.io.FileNotFoundException: C:\Users\itwspsx\.objectdb\exolorer.xml (The system cannot find the file specified)
	at java.io.FileInputStream.open0(Native Method)
	at java.io.FileInputStream.open(Unknown Source)
	at java.io.FileInputStream.<init>(Unknown Source)
	at java.io.FileInputStream.<init>(Unknown Source)
	at com.objectdb.o.STH.A(STH.java:717)
	at com.objectdb.o.CNF.<init>(CNF.java:106)
	at com.objectdb.o.CNF.f(CNF.java:130)
	at com.objectdb.o.CNC.s(CNC.java:119)
	at com.objectdb.o.EXA.<init>(EXA.java:87)
	at com.objectdb.Explorer$1.run(Explorer.java:57)
	at java.awt.event.InvocationEvent.dispatch(Unknown Source)
	at java.awt.EventQueue.dispatchEventImpl(Unknown Source)
	at java.awt.EventQueue.access$500(Unknown Source)
	at java.awt.EventQueue$3.run(Unknown Source)
	at java.awt.EventQueue$3.run(Unknown Source)
	at java.security.AccessController.doPrivileged(Native Method)
	at java.security.ProtectionDomain$JavaSecurityAccessImpl.doIntersectionPrivilege(Unknown Source)
	at java.awt.EventQueue.dispatchEvent(Unknown Source)
	at java.awt.EventDispatchThread.pumpOneEventForFilters(Unknown Source)
	at java.awt.EventDispatchThread.pumpEventsForFilter(Unknown Source)
	at java.awt.EventDispatchThread.pumpEventsForHierarchy(Unknown Source)
	at java.awt.EventDispatchThread.pumpEvents(Unknown Source)
	at java.awt.EventDispatchThread.pumpEvents(Unknown Source)
	at java.awt.EventDispatchThread.run(Unknown Source)

[2018-11-13 20:49:09 #7 store] 
Database 'C:\Users\itwspsx\Desktop\WareHouse\objectdb\db\Stock.odb' is closed by 17456@DESKTOP-QHVITT6

------------------------------------------------------------------------------------------------------------------------

[2018-11-13 21:30:03 #1 store] 
Database 'C:\Users\itwspsx\Desktop\WareHouse\objectdb\db\Stock.odb' is opened by 7964@DESKTOP-QHVITT6

[2018-11-13 21:30:03 #2 store] 
Configuration path: C:\Users\itwspsx\Desktop\WareHouse\objectdb\objectdb.conf

[2018-11-13 21:30:03 #3 type] 
Type product.Product is not enhanced.

[2018-11-13 21:30:45 #4 type.registry] 
New type user.User

[2018-11-13 21:30:45 #5 type] 
Type user.User is not enhanced.

------------------------------------------------------------------------------------------------------------------------

[2018-11-13 21:31:15 #1 store] 
Database 'C:\Users\itwspsx\Desktop\WareHouse\objectdb\db\Stock.odb' has been recovered (tr. 17-18)

[2018-11-13 21:31:15 #2 store] 
Database 'C:\Users\itwspsx\Desktop\WareHouse\objectdb\db\Stock.odb' is opened by 19328@DESKTOP-QHVITT6

[2018-11-13 21:31:15 #3 store] 
Configuration path: C:\Users\itwspsx\Desktop\WareHouse\objectdb\objectdb.conf

[2018-11-13 21:31:41 #4 store] 
Database 'C:\Users\itwspsx\Desktop\WareHouse\objectdb\db\Stock.odb' is closed by 19328@DESKTOP-QHVITT6

------------------------------------------------------------------------------------------------------------------------

[2018-11-13 21:35:48 #1 store] 
Database 'C:\Users\itwspsx\Desktop\WareHouse\objectdb\db\Stock.odb' is opened by 18980@DESKTOP-QHVITT6

[2018-11-13 21:35:48 #2 store] 
Configuration path: C:\Users\itwspsx\Desktop\WareHouse\objectdb\objectdb.conf

[2018-11-13 21:35:48 #3 type] 
Type product.Product is not enhanced.

[2018-11-13 21:35:48 #4 type] 
Type user.User is not enhanced.

------------------------------------------------------------------------------------------------------------------------

[2018-11-13 21:36:38 #1 store] 
Database 'C:\Users\itwspsx\Desktop\WareHouse\objectdb\db\Stock.odb' is opened by 17508@DESKTOP-QHVITT6

[2018-11-13 21:36:38 #2 store] 
Configuration path: C:\Users\itwspsx\Desktop\WareHouse\objectdb\objectdb.conf

[2018-11-13 21:36:39 #3 type] 
Type product.Product is not enhanced.

[2018-11-13 21:36:39 #4 type] 
Type user.User is not enhanced.

------------------------------------------------------------------------------------------------------------------------

[2018-11-13 21:52:19 #1 store] 
Database 'C:\Users\itwspsx\Desktop\WareHouse\objectdb\db\Stock.odb' is opened by 15284@DESKTOP-QHVITT6

[2018-11-13 21:52:19 #2 store] 
Configuration path: C:\Users\itwspsx\Desktop\WareHouse\objectdb\objectdb.conf

[2018-11-13 21:52:19 #3 type] 
Type product.Product is not enhanced.

[2018-11-13 21:52:19 #4 type] 
Type user.User is not enhanced.

------------------------------------------------------------------------------------------------------------------------

[2018-11-13 21:55:30 #1 store] 
Database 'C:\Users\itwspsx\Desktop\WareHouse\objectdb\db\Stock.odb' is opened by 11328@DESKTOP-QHVITT6

[2018-11-13 21:55:30 #2 store] 
Configuration path: C:\Users\itwspsx\Desktop\WareHouse\objectdb\objectdb.conf

[2018-11-13 21:55:30 #3 type] 
Type product.Product is not enhanced.

[2018-11-13 21:55:30 #4 type] 
Type user.User is not enhanced.

------------------------------------------------------------------------------------------------------------------------

[2018-11-13 21:56:16 #1 store] 
Database 'C:\Users\itwspsx\Desktop\WareHouse\objectdb\db\Stock.odb' is opened by 3600@DESKTOP-QHVITT6

[2018-11-13 21:56:16 #2 store] 
Configuration path: C:\Users\itwspsx\Desktop\WareHouse\objectdb\objectdb.conf

[2018-11-13 22:00:03 #3 store] 
Database 'C:\Users\itwspsx\Desktop\WareHouse\objectdb\db\Stock.odb' is closed by 3600@DESKTOP-QHVITT6

------------------------------------------------------------------------------------------------------------------------

[2018-11-13 22:00:10 #1 store] 
Database 'C:\Users\itwspsx\Desktop\WareHouse\objectdb\db\Stock.odb' is opened by 16952@DESKTOP-QHVITT6

[2018-11-13 22:00:10 #2 store] 
Configuration path: C:\Users\itwspsx\Desktop\WareHouse\objectdb\objectdb.conf

[2018-11-13 22:00:10 #3 type] 
Type product.Product is not enhanced.

[2018-11-13 22:00:10 #4 type] 
Type user.User is not enhanced.

------------------------------------------------------------------------------------------------------------------------

[2018-11-13 22:05:08 #1 store] 
Database 'C:\Users\itwspsx\Desktop\WareHouse\objectdb\db\Stock.odb' is opened by 19232@DESKTOP-QHVITT6

[2018-11-13 22:05:08 #2 store] 
Configuration path: C:\Users\itwspsx\Desktop\WareHouse\objectdb\objectdb.conf

[2018-11-13 22:05:08 #3 type] 
Type product.Product is not enhanced.

[2018-11-13 22:05:08 #4 type] 
Type user.User is not enhanced.

------------------------------------------------------------------------------------------------------------------------

[2018-11-13 22:06:26 #1 store] 
Database 'C:\Users\itwspsx\Desktop\WareHouse\objectdb\db\Stock.odb' is opened by 2676@DESKTOP-QHVITT6

[2018-11-13 22:06:26 #2 store] 
Configuration path: C:\Users\itwspsx\Desktop\WareHouse\objectdb\objectdb.conf

[2018-11-13 22:06:26 #3 type] 
Type product.Product is not enhanced.

[2018-11-13 22:06:26 #4 type] 
Type user.User is not enhanced.

------------------------------------------------------------------------------------------------------------------------

[2018-11-13 22:06:51 #1 store] 
Database 'C:\Users\itwspsx\Desktop\WareHouse\objectdb\db\Stock.odb' is opened by 18272@DESKTOP-QHVITT6

[2018-11-13 22:06:51 #2 store] 
Configuration path: C:\Users\itwspsx\Desktop\WareHouse\objectdb\objectdb.conf

[2018-11-13 22:06:51 #3 type] 
Type product.Product is not enhanced.

[2018-11-13 22:06:51 #4 type] 
Type user.User is not enhanced.

------------------------------------------------------------------------------------------------------------------------

[2018-11-13 22:07:26 #1 store] 
Database 'C:\Users\itwspsx\Desktop\WareHouse\objectdb\db\Stock.odb' is opened by 3552@DESKTOP-QHVITT6

[2018-11-13 22:07:26 #2 store] 
Configuration path: C:\Users\itwspsx\Desktop\WareHouse\objectdb\objectdb.conf

[2018-11-13 22:07:26 #3 type] 
Type product.Product is not enhanced.

[2018-11-13 22:07:26 #4 type] 
Type user.User is not enhanced.

------------------------------------------------------------------------------------------------------------------------

[2018-11-13 22:07:51 #1 store] 
Database 'C:\Users\itwspsx\Desktop\WareHouse\objectdb\db\Stock.odb' is opened by 13176@DESKTOP-QHVITT6

[2018-11-13 22:07:51 #2 store] 
Configuration path: C:\Users\itwspsx\Desktop\WareHouse\objectdb\objectdb.conf

[2018-11-13 22:07:51 #3 type] 
Type product.Product is not enhanced.

[2018-11-13 22:07:51 #4 type] 
Type user.User is not enhanced.

------------------------------------------------------------------------------------------------------------------------

[2018-11-13 22:10:15 #1 store] 
Database 'C:\Users\itwspsx\Desktop\WareHouse\objectdb\db\Stock.odb' is opened by 2296@DESKTOP-QHVITT6

[2018-11-13 22:10:15 #2 store] 
Configuration path: C:\Users\itwspsx\Desktop\WareHouse\objectdb\objectdb.conf

[2018-11-13 22:10:15 #3 type] 
Type product.Product is not enhanced.

[2018-11-13 22:10:15 #4 type] 
Type user.User is not enhanced.

------------------------------------------------------------------------------------------------------------------------

[2018-11-13 22:11:32 #1 store] 
Database 'C:\Users\itwspsx\Desktop\WareHouse\objectdb\db\Stock.odb' is opened by 4368@DESKTOP-QHVITT6

[2018-11-13 22:11:32 #2 store] 
Configuration path: C:\Users\itwspsx\Desktop\WareHouse\objectdb\objectdb.conf

[2018-11-13 22:11:32 #3 type] 
Type product.Product is not enhanced.

[2018-11-13 22:11:32 #4 type] 
Type user.User is not enhanced.

------------------------------------------------------------------------------------------------------------------------

[2018-11-13 22:12:08 #1 store] 
Database 'C:\Users\itwspsx\Desktop\WareHouse\objectdb\db\Stock.odb' is opened by 12252@DESKTOP-QHVITT6

[2018-11-13 22:12:08 #2 store] 
Configuration path: C:\Users\itwspsx\Desktop\WareHouse\objectdb\objectdb.conf

[2018-11-13 22:12:08 #3 type] 
Type product.Product is not enhanced.

[2018-11-13 22:12:08 #4 type] 
Type user.User is not enhanced.

------------------------------------------------------------------------------------------------------------------------

[2018-11-13 22:15:54 #1 store] 
Database 'C:\Users\itwspsx\Desktop\WareHouse\objectdb\db\Stock.odb' is opened by 3764@DESKTOP-QHVITT6

[2018-11-13 22:15:54 #2 store] 
Configuration path: C:\Users\itwspsx\Desktop\WareHouse\objectdb\objectdb.conf

[2018-11-13 22:15:54 #3 type] 
Type product.Product is not enhanced.

[2018-11-13 22:15:54 #4 type] 
Type user.User is not enhanced.

------------------------------------------------------------------------------------------------------------------------

[2018-11-13 22:16:10 #1 store] 
Database 'C:\Users\itwspsx\Desktop\WareHouse\objectdb\db\Stock.odb' is opened by 11788@DESKTOP-QHVITT6

[2018-11-13 22:16:10 #2 store] 
Configuration path: C:\Users\itwspsx\Desktop\WareHouse\objectdb\objectdb.conf

[2018-11-13 22:16:16 #3 store] 
Database 'C:\Users\itwspsx\Desktop\WareHouse\objectdb\db\Stock.odb' is closed by 11788@DESKTOP-QHVITT6

------------------------------------------------------------------------------------------------------------------------

[2018-11-13 22:17:24 #1 store] 
Database 'C:\Users\itwspsx\Desktop\WareHouse\objectdb\db\Stock.odb' is opened by 10180@DESKTOP-QHVITT6

[2018-11-13 22:17:24 #2 store] 
Configuration path: C:\Users\itwspsx\Desktop\WareHouse\objectdb\objectdb.conf

[2018-11-13 22:17:24 #3 type] 
Type product.Product is not enhanced.

[2018-11-13 22:17:24 #4 type] 
Type user.User is not enhanced.

------------------------------------------------------------------------------------------------------------------------

[2018-11-13 22:18:15 #1 store] 
Database 'C:\Users\itwspsx\Desktop\WareHouse\objectdb\db\Stock.odb' is opened by 13952@DESKTOP-QHVITT6

[2018-11-13 22:18:15 #2 store] 
Configuration path: C:\Users\itwspsx\Desktop\WareHouse\objectdb\objectdb.conf

[2018-11-13 22:18:15 #3 type] 
Type product.Product is not enhanced.

[2018-11-13 22:18:15 #4 type] 
Type user.User is not enhanced.

------------------------------------------------------------------------------------------------------------------------

[2018-11-13 22:18:28 #1 store] 
Database 'C:\Users\itwspsx\Desktop\WareHouse\objectdb\db\Stock.odb' is opened by 4572@DESKTOP-QHVITT6

[2018-11-13 22:18:28 #2 store] 
Configuration path: C:\Users\itwspsx\Desktop\WareHouse\objectdb\objectdb.conf

[2018-11-13 22:18:32 #3 store] 
Database 'C:\Users\itwspsx\Desktop\WareHouse\objectdb\db\Stock.odb' is closed by 4572@DESKTOP-QHVITT6

------------------------------------------------------------------------------------------------------------------------

[2018-11-13 22:18:40 #1 store] 
Database 'C:\Users\itwspsx\Desktop\WareHouse\objectdb\db\Stock.odb' is opened by 14340@DESKTOP-QHVITT6

[2018-11-13 22:18:40 #2 store] 
Configuration path: C:\Users\itwspsx\Desktop\WareHouse\objectdb\objectdb.conf

[2018-11-13 22:18:40 #3 type] 
Type product.Product is not enhanced.

[2018-11-13 22:18:40 #4 type] 
Type user.User is not enhanced.

------------------------------------------------------------------------------------------------------------------------

[2018-11-13 22:34:12 #1 store] 
Database 'C:\Users\itwspsx\Desktop\WareHouse\objectdb\db\Stock.odb' is opened by 1036@DESKTOP-QHVITT6

[2018-11-13 22:34:12 #2 store] 
Configuration path: C:\Users\itwspsx\Desktop\WareHouse\objectdb\objectdb.conf

[2018-11-13 22:34:12 #3 type] 
Type product.Product is not enhanced.

[2018-11-13 22:34:12 #4 type] 
Type user.User is not enhanced.

------------------------------------------------------------------------------------------------------------------------

[2018-11-13 22:34:33 #1 store] 
Database 'C:\Users\itwspsx\Desktop\WareHouse\objectdb\db\Stock.odb' is opened by 19372@DESKTOP-QHVITT6

[2018-11-13 22:34:33 #2 store] 
Configuration path: C:\Users\itwspsx\Desktop\WareHouse\objectdb\objectdb.conf

[2018-11-13 22:34:38 #3 store] 
Database 'C:\Users\itwspsx\Desktop\WareHouse\objectdb\db\Stock.odb' is closed by 19372@DESKTOP-QHVITT6

------------------------------------------------------------------------------------------------------------------------

[2018-11-13 22:34:46 #1 store] 
Database 'C:\Users\itwspsx\Desktop\WareHouse\objectdb\db\Stock.odb' is opened by 6368@DESKTOP-QHVITT6

[2018-11-13 22:34:46 #2 store] 
Configuration path: C:\Users\itwspsx\Desktop\WareHouse\objectdb\objectdb.conf

[2018-11-13 22:34:46 #3 type] 
Type product.Product is not enhanced.

[2018-11-13 22:34:46 #4 type] 
Type user.User is not enhanced.

------------------------------------------------------------------------------------------------------------------------

[2018-11-13 22:35:22 #1 store] 
Database 'C:\Users\itwspsx\Desktop\WareHouse\objectdb\db\Stock.odb' is opened by 11076@DESKTOP-QHVITT6

[2018-11-13 22:35:22 #2 store] 
Configuration path: C:\Users\itwspsx\Desktop\WareHouse\objectdb\objectdb.conf

[2018-11-13 22:35:22 #3 type] 
Type product.Product is not enhanced.

[2018-11-13 22:35:23 #4 type] 
Type user.User is not enhanced.

------------------------------------------------------------------------------------------------------------------------

[2018-11-13 22:36:51 #1 store] 
Database 'C:\Users\itwspsx\Desktop\WareHouse\objectdb\db\Stock.odb' has been recovered (tr. 19-19)

[2018-11-13 22:36:51 #2 store] 
Database 'C:\Users\itwspsx\Desktop\WareHouse\objectdb\db\Stock.odb' is opened by 18600@DESKTOP-QHVITT6

[2018-11-13 22:36:51 #3 store] 
Configuration path: C:\Users\itwspsx\Desktop\WareHouse\objectdb\objectdb.conf

[2018-11-13 22:38:01 #4 store] 
Database 'C:\Users\itwspsx\Desktop\WareHouse\objectdb\db\Stock.odb' is closed by 18600@DESKTOP-QHVITT6

------------------------------------------------------------------------------------------------------------------------

[2018-11-13 22:38:06 #1 store] 
Database 'C:\Users\itwspsx\Desktop\WareHouse\objectdb\db\Stock.odb' is opened by 6792@DESKTOP-QHVITT6

[2018-11-13 22:38:06 #2 store] 
Configuration path: C:\Users\itwspsx\Desktop\WareHouse\objectdb\objectdb.conf

[2018-11-13 22:38:06 #3 type] 
Type product.Product is not enhanced.

[2018-11-13 22:38:06 #4 type] 
Type user.User is not enhanced.

------------------------------------------------------------------------------------------------------------------------

[2018-11-13 22:39:15 #1 store] 
Database 'C:\Users\itwspsx\Desktop\WareHouse\objectdb\db\Stock.odb' has been recovered (tr. 20-20)

[2018-11-13 22:39:15 #2 store] 
Database 'C:\Users\itwspsx\Desktop\WareHouse\objectdb\db\Stock.odb' is opened by 3240@DESKTOP-QHVITT6

[2018-11-13 22:39:15 #3 store] 
Configuration path: C:\Users\itwspsx\Desktop\WareHouse\objectdb\objectdb.conf

[2018-11-13 22:39:23 #4 store] 
Database 'C:\Users\itwspsx\Desktop\WareHouse\objectdb\db\Stock.odb' is closed by 3240@DESKTOP-QHVITT6

------------------------------------------------------------------------------------------------------------------------

[2018-11-13 22:40:20 #1 store] 
Database 'C:\Users\itwspsx\Desktop\WareHouse\objectdb\db\Stock.odb' is opened by 256@DESKTOP-QHVITT6

[2018-11-13 22:40:20 #2 store] 
Configuration path: C:\Users\itwspsx\Desktop\WareHouse\objectdb\objectdb.conf

[2018-11-13 22:40:20 #3 type] 
Type product.Product is not enhanced.

[2018-11-13 22:40:20 #4 type] 
Type user.User is not enhanced.

------------------------------------------------------------------------------------------------------------------------

[2018-11-13 22:41:52 #1 store] 
Database 'C:\Users\itwspsx\Desktop\WareHouse\objectdb\db\Stock.odb' is opened by 17244@DESKTOP-QHVITT6

[2018-11-13 22:41:52 #2 store] 
Configuration path: C:\Users\itwspsx\Desktop\WareHouse\objectdb\objectdb.conf

[2018-11-13 22:41:52 #3 type] 
Type product.Product is not enhanced.

[2018-11-13 22:41:52 #4 type] 
Type user.User is not enhanced.

------------------------------------------------------------------------------------------------------------------------

[2018-11-13 22:43:05 #1 store] 
Database 'C:\Users\itwspsx\Desktop\WareHouse\objectdb\db\Stock.odb' is opened by 15480@DESKTOP-QHVITT6

[2018-11-13 22:43:05 #2 store] 
Configuration path: C:\Users\itwspsx\Desktop\WareHouse\objectdb\objectdb.conf

[2018-11-13 22:43:05 #3 type] 
Type product.Product is not enhanced.

[2018-11-13 22:43:05 #4 type] 
Type user.User is not enhanced.

------------------------------------------------------------------------------------------------------------------------

[2018-11-13 22:43:27 #1 store] 
Database 'C:\Users\itwspsx\Desktop\WareHouse\objectdb\db\Stock.odb' has been recovered (tr. 21-21)

[2018-11-13 22:43:27 #2 store] 
Database 'C:\Users\itwspsx\Desktop\WareHouse\objectdb\db\Stock.odb' is opened by 18636@DESKTOP-QHVITT6

[2018-11-13 22:43:27 #3 store] 
Configuration path: C:\Users\itwspsx\Desktop\WareHouse\objectdb\objectdb.conf

[2018-11-13 22:43:35 #4 store] 
Database 'C:\Users\itwspsx\Desktop\WareHouse\objectdb\db\Stock.odb' is closed by 18636@DESKTOP-QHVITT6

------------------------------------------------------------------------------------------------------------------------

[2018-11-13 22:44:36 #1 store] 
Database 'C:\Users\itwspsx\Desktop\WareHouse\objectdb\db\Stock.odb' is opened by 4656@DESKTOP-QHVITT6

[2018-11-13 22:44:36 #2 store] 
Configuration path: C:\Users\itwspsx\Desktop\WareHouse\objectdb\objectdb.conf

[2018-11-13 22:44:36 #3 type] 
Type product.Product is not enhanced.

[2018-11-13 22:44:36 #4 type] 
Type user.User is not enhanced.

------------------------------------------------------------------------------------------------------------------------

[2018-11-13 22:45:19 #1 store] 
Database 'C:\Users\itwspsx\Desktop\WareHouse\objectdb\db\Stock.odb' has been recovered (tr. 22-23)

[2018-11-13 22:45:19 #2 store] 
Database 'C:\Users\itwspsx\Desktop\WareHouse\objectdb\db\Stock.odb' is opened by 6260@DESKTOP-QHVITT6

[2018-11-13 22:45:19 #3 store] 
Configuration path: C:\Users\itwspsx\Desktop\WareHouse\objectdb\objectdb.conf

[2018-11-13 22:45:23 #4 store] 
Database 'C:\Users\itwspsx\Desktop\WareHouse\objectdb\db\Stock.odb' is closed by 6260@DESKTOP-QHVITT6

------------------------------------------------------------------------------------------------------------------------

[2018-11-13 22:46:23 #1 store] 
Database 'C:\Users\itwspsx\Desktop\WareHouse\objectdb\db\Stock.odb' is opened by 15588@DESKTOP-QHVITT6

[2018-11-13 22:46:23 #2 store] 
Configuration path: C:\Users\itwspsx\Desktop\WareHouse\objectdb\objectdb.conf

[2018-11-13 22:46:23 #3 type] 
Type product.Product is not enhanced.

[2018-11-13 22:46:23 #4 type] 
Type user.User is not enhanced.

------------------------------------------------------------------------------------------------------------------------

[2018-11-13 22:48:00 #1 store] 
Database 'C:\Users\itwspsx\Desktop\WareHouse\objectdb\db\Stock.odb' has been recovered (tr. 24-26)

[2018-11-13 22:48:00 #2 store] 
Database 'C:\Users\itwspsx\Desktop\WareHouse\objectdb\db\Stock.odb' is opened by 9536@DESKTOP-QHVITT6

[2018-11-13 22:48:00 #3 store] 
Configuration path: C:\Users\itwspsx\Desktop\WareHouse\objectdb\objectdb.conf

[2018-11-13 22:48:00 #4 type] 
Type product.Product is not enhanced.

[2018-11-13 22:48:00 #5 type] 
Type user.User is not enhanced.

------------------------------------------------------------------------------------------------------------------------

[2018-11-13 22:49:02 #1 store] 
Database 'C:\Users\itwspsx\Desktop\WareHouse\objectdb\db\Stock.odb' has been recovered (tr. 27-30)

[2018-11-13 22:49:02 #2 store] 
Database 'C:\Users\itwspsx\Desktop\WareHouse\objectdb\db\Stock.odb' is opened by 12360@DESKTOP-QHVITT6

[2018-11-13 22:49:02 #3 store] 
Configuration path: C:\Users\itwspsx\Desktop\WareHouse\objectdb\objectdb.conf

[2018-11-13 22:49:13 #4 store] 
Database 'C:\Users\itwspsx\Desktop\WareHouse\objectdb\db\Stock.odb' is closed by 12360@DESKTOP-QHVITT6

------------------------------------------------------------------------------------------------------------------------

[2018-11-13 22:50:17 #1 store] 
Database 'C:\Users\itwspsx\Desktop\WareHouse\objectdb\db\Stock.odb' is opened by 3948@DESKTOP-QHVITT6

[2018-11-13 22:50:17 #2 store] 
Configuration path: C:\Users\itwspsx\Desktop\WareHouse\objectdb\objectdb.conf

[2018-11-13 22:50:17 #3 type] 
Type product.Product is not enhanced.

[2018-11-13 22:50:17 #4 type] 
Type user.User is not enhanced.

------------------------------------------------------------------------------------------------------------------------

[2018-11-13 22:52:55 #1 store] 
Database 'C:\Users\itwspsx\Desktop\WareHouse\objectdb\db\Stock.odb' has been recovered (tr. 31-32)

[2018-11-13 22:52:55 #2 store] 
Database 'C:\Users\itwspsx\Desktop\WareHouse\objectdb\db\Stock.odb' is opened by 18172@DESKTOP-QHVITT6

[2018-11-13 22:52:55 #3 store] 
Configuration path: C:\Users\itwspsx\Desktop\WareHouse\objectdb\objectdb.conf

[2018-11-13 22:52:55 #4 type] 
Type product.Product is not enhanced.

[2018-11-13 22:52:56 #5 type] 
Type user.User is not enhanced.

------------------------------------------------------------------------------------------------------------------------

[2018-11-13 22:53:50 #1 store] 
Database 'C:\Users\itwspsx\Desktop\WareHouse\objectdb\db\Stock.odb' has been recovered (tr. 33-33)

[2018-11-13 22:53:50 #2 store] 
Database 'C:\Users\itwspsx\Desktop\WareHouse\objectdb\db\Stock.odb' is opened by 1376@DESKTOP-QHVITT6

[2018-11-13 22:53:50 #3 store] 
Configuration path: C:\Users\itwspsx\Desktop\WareHouse\objectdb\objectdb.conf

[2018-11-13 22:53:50 #4 type] 
Type product.Product is not enhanced.

[2018-11-13 22:53:50 #5 type] 
Type user.User is not enhanced.

------------------------------------------------------------------------------------------------------------------------

[2018-11-13 22:56:52 #1 store] 
Database 'C:\Users\itwspsx\Desktop\WareHouse\objectdb\db\Stock.odb' has been recovered (tr. 34-37)

[2018-11-13 22:56:52 #2 store] 
Database 'C:\Users\itwspsx\Desktop\WareHouse\objectdb\db\Stock.odb' is opened by 16928@DESKTOP-QHVITT6

[2018-11-13 22:56:52 #3 store] 
Configuration path: C:\Users\itwspsx\Desktop\WareHouse\objectdb\objectdb.conf

[2018-11-13 22:56:52 #4 type] 
Type product.Product is not enhanced.

[2018-11-13 22:56:52 #5 type] 
Type user.User is not enhanced.

------------------------------------------------------------------------------------------------------------------------

[2018-11-13 23:01:35 #1 store] 
Database 'C:\Users\itwspsx\Desktop\WareHouse\objectdb\db\Stock.odb' has been recovered (tr. 38-38)

[2018-11-13 23:01:36 #2 store] 
Database 'C:\Users\itwspsx\Desktop\WareHouse\objectdb\db\Stock.odb' is opened by 8356@DESKTOP-QHVITT6

[2018-11-13 23:01:36 #3 store] 
Configuration path: C:\Users\itwspsx\Desktop\WareHouse\objectdb\objectdb.conf

[2018-11-13 23:01:36 #4 type] 
Type product.Product is not enhanced.

[2018-11-13 23:01:36 #5 type] 
Type user.User is not enhanced.

------------------------------------------------------------------------------------------------------------------------

[2018-11-13 23:05:23 #1 store] 
Database 'C:\Users\itwspsx\Desktop\WareHouse\objectdb\db\Stock.odb' has been recovered (tr. 39-39)

[2018-11-13 23:05:24 #2 store] 
Database 'C:\Users\itwspsx\Desktop\WareHouse\objectdb\db\Stock.odb' is opened by 6024@DESKTOP-QHVITT6

[2018-11-13 23:05:24 #3 store] 
Configuration path: C:\Users\itwspsx\Desktop\WareHouse\objectdb\objectdb.conf

[2018-11-13 23:05:24 #4 type] 
Type product.Product is not enhanced.

[2018-11-13 23:05:24 #5 type] 
Type user.User is not enhanced.

------------------------------------------------------------------------------------------------------------------------

[2018-11-13 23:06:07 #1 store] 
Database 'C:\Users\itwspsx\Desktop\WareHouse\objectdb\db\Stock.odb' is opened by 7660@DESKTOP-QHVITT6

[2018-11-13 23:06:07 #2 store] 
Configuration path: C:\Users\itwspsx\Desktop\WareHouse\objectdb\objectdb.conf

[2018-11-13 23:06:07 #3 type] 
Type product.Product is not enhanced.

[2018-11-13 23:06:07 #4 type] 
Type user.User is not enhanced.

------------------------------------------------------------------------------------------------------------------------

[2018-11-13 23:06:51 #1 store] 
Database 'C:\Users\itwspsx\Desktop\WareHouse\objectdb\db\Stock.odb' is opened by 16856@DESKTOP-QHVITT6

[2018-11-13 23:06:51 #2 store] 
Configuration path: C:\Users\itwspsx\Desktop\WareHouse\objectdb\objectdb.conf

[2018-11-13 23:06:51 #3 type] 
Type product.Product is not enhanced.

[2018-11-13 23:06:51 #4 type] 
Type user.User is not enhanced.

------------------------------------------------------------------------------------------------------------------------

[2018-11-13 23:26:10 #1 store] 
Database 'C:\Users\itwspsx\Desktop\WareHouse\objectdb\db\Stock.odb' is opened by 6084@DESKTOP-QHVITT6

[2018-11-13 23:26:10 #2 store] 
Configuration path: C:\Users\itwspsx\Desktop\WareHouse\objectdb\objectdb.conf

[2018-11-13 23:26:10 #3 type] 
Type product.Product is not enhanced.

[2018-11-13 23:26:10 #4 type] 
Type user.User is not enhanced.

------------------------------------------------------------------------------------------------------------------------

[2018-11-13 23:27:00 #1 store] 
Database 'C:\Users\itwspsx\Desktop\WareHouse\objectdb\db\Stock.odb' is opened by 4820@DESKTOP-QHVITT6

[2018-11-13 23:27:00 #2 store] 
Configuration path: C:\Users\itwspsx\Desktop\WareHouse\objectdb\objectdb.conf

[2018-11-13 23:27:00 #3 type] 
Type product.Product is not enhanced.

[2018-11-13 23:27:00 #4 type] 
Type user.User is not enhanced.

------------------------------------------------------------------------------------------------------------------------

[2018-11-13 23:27:23 #1 store] 
Database 'C:\Users\itwspsx\Desktop\WareHouse\objectdb\db\Stock.odb' is opened by 7444@DESKTOP-QHVITT6

[2018-11-13 23:27:23 #2 store] 
Configuration path: C:\Users\itwspsx\Desktop\WareHouse\objectdb\objectdb.conf

[2018-11-13 23:27:23 #3 type] 
Type product.Product is not enhanced.

[2018-11-13 23:27:23 #4 type] 
Type user.User is not enhanced.

------------------------------------------------------------------------------------------------------------------------

[2018-11-13 23:28:34 #1 store] 
Database 'C:\Users\itwspsx\Desktop\WareHouse\objectdb\db\Stock.odb' is opened by 7980@DESKTOP-QHVITT6

[2018-11-13 23:28:34 #2 store] 
Configuration path: C:\Users\itwspsx\Desktop\WareHouse\objectdb\objectdb.conf

[2018-11-13 23:28:34 #3 type] 
Type product.Product is not enhanced.

[2018-11-13 23:28:34 #4 type] 
Type user.User is not enhanced.

------------------------------------------------------------------------------------------------------------------------

[2018-11-13 23:28:48 #1 store] 
Database 'C:\Users\itwspsx\Desktop\WareHouse\objectdb\db\Stock.odb' is opened by 13184@DESKTOP-QHVITT6

[2018-11-13 23:28:48 #2 store] 
Configuration path: C:\Users\itwspsx\Desktop\WareHouse\objectdb\objectdb.conf

[2018-11-13 23:28:48 #3 type] 
Type product.Product is not enhanced.

[2018-11-13 23:28:48 #4 type] 
Type user.User is not enhanced.

------------------------------------------------------------------------------------------------------------------------

[2018-11-13 23:29:09 #1 store] 
Database 'C:\Users\itwspsx\Desktop\WareHouse\objectdb\db\Stock.odb' has been recovered (tr. 40-40)

[2018-11-13 23:29:09 #2 store] 
Database 'C:\Users\itwspsx\Desktop\WareHouse\objectdb\db\Stock.odb' is opened by 9436@DESKTOP-QHVITT6

[2018-11-13 23:29:09 #3 store] 
Configuration path: C:\Users\itwspsx\Desktop\WareHouse\objectdb\objectdb.conf

[2018-11-13 23:29:23 #4 store] 
Database 'C:\Users\itwspsx\Desktop\WareHouse\objectdb\db\Stock.odb' is closed by 9436@DESKTOP-QHVITT6

------------------------------------------------------------------------------------------------------------------------

[2018-11-13 23:29:38 #1 store] 
Database 'C:\Users\itwspsx\Desktop\WareHouse\objectdb\db\Stock.odb' is opened by 16552@DESKTOP-QHVITT6

[2018-11-13 23:29:38 #2 store] 
Configuration path: C:\Users\itwspsx\Desktop\WareHouse\objectdb\objectdb.conf

[2018-11-13 23:29:38 #3 type] 
Type product.Product is not enhanced.

[2018-11-13 23:29:38 #4 type] 
Type user.User is not enhanced.

------------------------------------------------------------------------------------------------------------------------

[2018-11-13 23:32:26 #1 store] 
Database 'C:\Users\itwspsx\Desktop\WareHouse\objectdb\db\Stock.odb' has been recovered (tr. 41-42)

[2018-11-13 23:32:26 #2 store] 
Database 'C:\Users\itwspsx\Desktop\WareHouse\objectdb\db\Stock.odb' is opened by 18112@DESKTOP-QHVITT6

[2018-11-13 23:32:26 #3 store] 
Configuration path: C:\Users\itwspsx\Desktop\WareHouse\objectdb\objectdb.conf

[2018-11-13 23:32:26 #4 type] 
Type product.Product is not enhanced.

[2018-11-13 23:32:26 #5 type] 
Type user.User is not enhanced.

------------------------------------------------------------------------------------------------------------------------

[2018-11-13 23:34:06 #1 store] 
Database 'C:\Users\itwspsx\Desktop\WareHouse\objectdb\db\Stock.odb' has been recovered (tr. 43-47)

[2018-11-13 23:34:06 #2 store] 
Database 'C:\Users\itwspsx\Desktop\WareHouse\objectdb\db\Stock.odb' is opened by 1304@DESKTOP-QHVITT6

[2018-11-13 23:34:06 #3 store] 
Configuration path: C:\Users\itwspsx\Desktop\WareHouse\objectdb\objectdb.conf

[2018-11-13 23:34:06 #4 type] 
Type product.Product is not enhanced.

[2018-11-13 23:34:06 #5 type] 
Type user.User is not enhanced.

------------------------------------------------------------------------------------------------------------------------

[2018-11-13 23:35:45 #1 store] 
Database 'C:\Users\itwspsx\Desktop\WareHouse\objectdb\db\Stock.odb' has been recovered (tr. 48-48)

[2018-11-13 23:35:45 #2 store] 
Database 'C:\Users\itwspsx\Desktop\WareHouse\objectdb\db\Stock.odb' is opened by 17664@DESKTOP-QHVITT6

[2018-11-13 23:35:45 #3 store] 
Configuration path: C:\Users\itwspsx\Desktop\WareHouse\objectdb\objectdb.conf

[2018-11-13 23:35:45 #4 type] 
Type product.Product is not enhanced.

[2018-11-13 23:35:45 #5 type] 
Type user.User is not enhanced.

------------------------------------------------------------------------------------------------------------------------

[2018-11-13 23:39:44 #1 store] 
Database 'C:\Users\itwspsx\Desktop\WareHouse\objectdb\db\Stock.odb' is opened by 10592@DESKTOP-QHVITT6

[2018-11-13 23:39:44 #2 store] 
Configuration path: C:\Users\itwspsx\Desktop\WareHouse\objectdb\objectdb.conf

[2018-11-13 23:39:44 #3 type] 
Type product.Product is not enhanced.

[2018-11-13 23:39:44 #4 type] 
Type user.User is not enhanced.

------------------------------------------------------------------------------------------------------------------------

[2018-11-13 23:50:10 #1 store] 
Database 'C:\Users\itwspsx\Desktop\WareHouse\objectdb\db\Stock.odb' is opened by 14140@DESKTOP-QHVITT6

[2018-11-13 23:50:10 #2 store] 
Configuration path: C:\Users\itwspsx\Desktop\WareHouse\objectdb\objectdb.conf

[2018-11-13 23:50:10 #3 type] 
Type product.Product is not enhanced.

[2018-11-13 23:50:10 #4 type] 
Type user.User is not enhanced.

------------------------------------------------------------------------------------------------------------------------

[2018-11-13 23:52:19 #1 store] 
Database 'C:\Users\itwspsx\Desktop\WareHouse\objectdb\db\Stock.odb' has been recovered (tr. 49-50)

[2018-11-13 23:52:19 #2 store] 
Database 'C:\Users\itwspsx\Desktop\WareHouse\objectdb\db\Stock.odb' is opened by 5768@DESKTOP-QHVITT6

[2018-11-13 23:52:19 #3 store] 
Configuration path: C:\Users\itwspsx\Desktop\WareHouse\objectdb\objectdb.conf

[2018-11-13 23:52:19 #4 type] 
Type product.Product is not enhanced.

[2018-11-13 23:52:19 #5 type] 
Type user.User is not enhanced.

------------------------------------------------------------------------------------------------------------------------

[2018-11-13 23:54:01 #1 store] 
Database 'C:\Users\itwspsx\Desktop\WareHouse\objectdb\db\Stock.odb' is opened by 10560@DESKTOP-QHVITT6

[2018-11-13 23:54:01 #2 store] 
Configuration path: C:\Users\itwspsx\Desktop\WareHouse\objectdb\objectdb.conf

[2018-11-13 23:54:01 #3 type] 
Type product.Product is not enhanced.

[2018-11-13 23:54:01 #4 type] 
Type user.User is not enhanced.

------------------------------------------------------------------------------------------------------------------------

[2018-11-13 23:55:15 #1 store] 
Database 'C:\Users\itwspsx\Desktop\WareHouse\objectdb\db\Stock.odb' is opened by 17152@DESKTOP-QHVITT6

[2018-11-13 23:55:15 #2 store] 
Configuration path: C:\Users\itwspsx\Desktop\WareHouse\objectdb\objectdb.conf

[2018-11-13 23:55:15 #3 type] 
Type product.Product is not enhanced.

[2018-11-13 23:55:15 #4 type] 
Type user.User is not enhanced.

