------------------------------------------------------------------------------------------------------------------------

[2018-12-18 11:34:40 #1 store] 
Database 'C:\Users\wrs\Desktop\OOAD Proj\New folder\WareHouse\objectdb\db\Stock.odb' is opened by 9012@DESKTOP-A953IGJ

[2018-12-18 11:34:40 #2 store] 
Configuration path: C:\Users\wrs\Desktop\OOAD Proj\New folder\WareHouse\objectdb\objectdb.conf

[2018-12-18 11:37:44 #3 store] 
Database 'C:\Users\wrs\Desktop\OOAD Proj\New folder\WareHouse\objectdb\db\Stock.odb' is closed by 9012@DESKTOP-A953IGJ

------------------------------------------------------------------------------------------------------------------------

[2018-12-18 11:39:00 #1 store] 
Database 'C:\Users\wrs\Desktop\OOAD Proj\New folder\WareHouse\objectdb\db\Stock.odb' is opened by 9864@DESKTOP-A953IGJ

[2018-12-18 11:39:00 #2 store] 
Configuration path: C:\Users\wrs\Desktop\OOAD Proj\New folder\WareHouse\objectdb\objectdb.conf

[2018-12-18 11:39:00 #3 type] 
Type product.Shelf is not enhanced.

[2018-12-18 11:39:00 #4 type] 
Type product.Pallet is not enhanced.

[2018-12-18 11:39:00 #5 type] 
Type product.Product is not enhanced.

[2018-12-18 11:39:00 #6 type] 
Type user.User is not enhanced.

------------------------------------------------------------------------------------------------------------------------

[2018-12-18 11:39:53 #1 store] 
Database 'C:\Users\wrs\Desktop\OOAD Proj\New folder\WareHouse\objectdb\db\Stock.odb' has been recovered (tr. 19-22)

[2018-12-18 11:39:53 #2 store] 
Database 'C:\Users\wrs\Desktop\OOAD Proj\New folder\WareHouse\objectdb\db\Stock.odb' is opened by 8384@DESKTOP-A953IGJ

[2018-12-18 11:39:53 #3 store] 
Configuration path: C:\Users\wrs\Desktop\OOAD Proj\New folder\WareHouse\objectdb\objectdb.conf

[2018-12-18 11:39:54 #4 type] 
Type product.Shelf is not enhanced.

[2018-12-18 11:39:54 #5 type] 
Type product.Pallet is not enhanced.

[2018-12-18 11:39:54 #6 type] 
Type product.Product is not enhanced.

[2018-12-18 11:39:54 #7 type] 
Type user.User is not enhanced.

------------------------------------------------------------------------------------------------------------------------

[2018-12-18 11:40:25 #1 store] 
Database 'C:\Users\wrs\Desktop\OOAD Proj\New folder\WareHouse\objectdb\db\Stock.odb' has been recovered (tr. 23-23)

[2018-12-18 11:40:25 #2 store] 
Database 'C:\Users\wrs\Desktop\OOAD Proj\New folder\WareHouse\objectdb\db\Stock.odb' is opened by 11728@DESKTOP-A953IGJ

[2018-12-18 11:40:25 #3 store] 
Configuration path: C:\Users\wrs\Desktop\OOAD Proj\New folder\WareHouse\objectdb\objectdb.conf

[2018-12-18 11:40:25 #4 type] 
Type product.Shelf is not enhanced.

[2018-12-18 11:40:25 #5 type] 
Type product.Pallet is not enhanced.

[2018-12-18 11:40:25 #6 type] 
Type product.Product is not enhanced.

[2018-12-18 11:40:25 #7 type] 
Type user.User is not enhanced.

------------------------------------------------------------------------------------------------------------------------

[2018-12-18 18:12:07 #1 store] 
Database 'D:\Code\java\WareHouse\objectdb\db\Stock.odb' is opened by 18136@DESKTOP-BNHP2H1

[2018-12-18 18:12:07 #2 store] 
Configuration path: D:\Code\java\WareHouse\objectdb\objectdb.conf

[2018-12-18 18:12:07 #3 type] 
Type product.Shelf is not enhanced.

[2018-12-18 18:12:07 #4 type] 
Type product.Pallet is not enhanced.

[2018-12-18 18:12:07 #5 type] 
Type product.Product is not enhanced.

[2018-12-18 18:12:07 #6 type] 
Type user.User is not enhanced.

[2018-12-18 18:12:07 #7 type.registry] 
New type product.CatalogueEntry

[2018-12-18 18:12:07 #8 type] 
Type product.CatalogueEntry is not enhanced.

------------------------------------------------------------------------------------------------------------------------

[2018-12-18 18:19:04 #1 store] 
Database 'D:\Code\java\WareHouse\objectdb\db\Stock.odb' has been recovered (tr. 24-24)

[2018-12-18 18:19:05 #2 store] 
Database 'D:\Code\java\WareHouse\objectdb\db\Stock.odb' is opened by 16828@DESKTOP-BNHP2H1

[2018-12-18 18:19:05 #3 store] 
Configuration path: D:\Code\java\WareHouse\objectdb\objectdb.conf

[2018-12-18 18:19:05 #4 type] 
Type product.Shelf is not enhanced.

[2018-12-18 18:19:05 #5 type] 
Type product.Pallet is not enhanced.

[2018-12-18 18:19:05 #6 type] 
Type product.Product is not enhanced.

[2018-12-18 18:19:05 #7 type] 
Type user.User is not enhanced.

[2018-12-18 18:19:05 #8 type] 
Type product.CatalogueEntry is not enhanced.

------------------------------------------------------------------------------------------------------------------------

[2018-12-18 18:20:05 #1 store] 
Database 'D:\Code\java\WareHouse\objectdb\db\Stock.odb' is opened by 16556@DESKTOP-BNHP2H1

[2018-12-18 18:20:05 #2 store] 
Configuration path: D:\Code\java\WareHouse\objectdb\objectdb.conf

[2018-12-18 18:20:05 #3 type] 
Type product.Shelf is not enhanced.

[2018-12-18 18:20:05 #4 type] 
Type product.Pallet is not enhanced.

[2018-12-18 18:20:05 #5 type] 
Type product.Product is not enhanced.

[2018-12-18 18:20:05 #6 type] 
Type user.User is not enhanced.

[2018-12-18 18:20:05 #7 type] 
Type product.CatalogueEntry is not enhanced.

[2018-12-18 18:20:12 #8 type.registry] 
New type ordermanagement.Order

[2018-12-18 18:20:12 #9 type] 
Type ordermanagement.Order is not enhanced.

[2018-12-18 18:20:12 #10 type.registry] 
New type ordermanagement.OrderProduct

[2018-12-18 18:20:12 #11 type] 
Type ordermanagement.OrderProduct is not enhanced.

------------------------------------------------------------------------------------------------------------------------

[2018-12-18 18:30:29 #1 store] 
Database 'D:\Code\java\WareHouse\objectdb\db\Stock.odb' has been recovered (tr. 25-26)

[2018-12-18 18:30:30 #2 store] 
Database 'D:\Code\java\WareHouse\objectdb\db\Stock.odb' is opened by 17996@DESKTOP-BNHP2H1

[2018-12-18 18:30:30 #3 store] 
Configuration path: D:\Code\java\WareHouse\objectdb\objectdb.conf

[2018-12-18 18:30:30 #4 type] 
Type product.Shelf is not enhanced.

[2018-12-18 18:30:30 #5 type] 
Type product.Pallet is not enhanced.

[2018-12-18 18:30:30 #6 type] 
Type product.Product is not enhanced.

[2018-12-18 18:30:30 #7 type] 
Type user.User is not enhanced.

[2018-12-18 18:30:30 #8 type] 
Type product.CatalogueEntry is not enhanced.

[2018-12-18 18:30:30 #9 type] 
Type ordermanagement.Order is not enhanced.

[2018-12-18 18:30:30 #10 type] 
Type ordermanagement.OrderProduct is not enhanced.

------------------------------------------------------------------------------------------------------------------------

[2018-12-18 18:35:22 #1 store] 
Database 'D:\Code\java\WareHouse\objectdb\db\Stock.odb' is opened by 20348@DESKTOP-BNHP2H1

[2018-12-18 18:35:22 #2 store] 
Configuration path: D:\Code\java\WareHouse\objectdb\objectdb.conf

[2018-12-18 18:35:22 #3 type] 
Type product.Shelf is not enhanced.

[2018-12-18 18:35:22 #4 type] 
Type product.Pallet is not enhanced.

[2018-12-18 18:35:22 #5 type] 
Type product.Product is not enhanced.

[2018-12-18 18:35:22 #6 type] 
Type user.User is not enhanced.

[2018-12-18 18:35:22 #7 type] 
Type product.CatalogueEntry is not enhanced.

[2018-12-18 18:35:22 #8 type] 
Type ordermanagement.Order is not enhanced.

[2018-12-18 18:35:22 #9 type] 
Type ordermanagement.OrderProduct is not enhanced.

------------------------------------------------------------------------------------------------------------------------

[2018-12-18 18:43:31 #1 store] 
Database 'D:\Code\java\WareHouse\objectdb\db\Stock.odb' is opened by 16376@DESKTOP-BNHP2H1

[2018-12-18 18:43:31 #2 store] 
Configuration path: D:\Code\java\WareHouse\objectdb\objectdb.conf

[2018-12-18 18:43:31 #3 type] 
Type product.Shelf is not enhanced.

[2018-12-18 18:43:31 #4 type] 
Type product.Pallet is not enhanced.

[2018-12-18 18:43:31 #5 type] 
Type product.Product is not enhanced.

[2018-12-18 18:43:31 #6 type] 
Type user.User is not enhanced.

[2018-12-18 18:43:31 #7 type] 
Type product.CatalogueEntry is not enhanced.

[2018-12-18 18:43:31 #8 type] 
Type ordermanagement.Order is not enhanced.

[2018-12-18 18:43:31 #9 type] 
Type ordermanagement.OrderProduct is not enhanced.

------------------------------------------------------------------------------------------------------------------------

[2018-12-18 18:43:41 #1 store] 
Database 'D:\Code\java\WareHouse\objectdb\db\Stock.odb' has been recovered (tr. 27-35)

[2018-12-18 18:43:41 #2 store] 
Database 'D:\Code\java\WareHouse\objectdb\db\Stock.odb' is opened by 9552@DESKTOP-BNHP2H1

[2018-12-18 18:43:41 #3 store] 
Configuration path: D:\Code\java\WareHouse\objectdb\objectdb.conf

[2018-12-18 18:43:42 #4 type] 
Type product.Shelf is not enhanced.

[2018-12-18 18:43:42 #5 type] 
Type product.Pallet is not enhanced.

[2018-12-18 18:43:42 #6 type] 
Type product.Product is not enhanced.

[2018-12-18 18:43:42 #7 type] 
Type user.User is not enhanced.

[2018-12-18 18:43:42 #8 type] 
Type product.CatalogueEntry is not enhanced.

[2018-12-18 18:43:42 #9 type] 
Type ordermanagement.Order is not enhanced.

[2018-12-18 18:43:42 #10 type] 
Type ordermanagement.OrderProduct is not enhanced.

------------------------------------------------------------------------------------------------------------------------

[2018-12-18 18:44:19 #1 store] 
Database 'D:\Code\java\WareHouse\objectdb\db\Stock.odb' is opened by 20356@DESKTOP-BNHP2H1

[2018-12-18 18:44:19 #2 store] 
Configuration path: D:\Code\java\WareHouse\objectdb\objectdb.conf

[2018-12-18 18:44:19 #3 type] 
Type product.Shelf is not enhanced.

[2018-12-18 18:44:19 #4 type] 
Type product.Pallet is not enhanced.

[2018-12-18 18:44:19 #5 type] 
Type product.Product is not enhanced.

[2018-12-18 18:44:19 #6 type] 
Type user.User is not enhanced.

[2018-12-18 18:44:19 #7 type] 
Type product.CatalogueEntry is not enhanced.

[2018-12-18 18:44:19 #8 type] 
Type ordermanagement.Order is not enhanced.

[2018-12-18 18:44:19 #9 type] 
Type ordermanagement.OrderProduct is not enhanced.

------------------------------------------------------------------------------------------------------------------------

[2018-12-18 18:45:30 #1 store] 
Database 'D:\Code\java\WareHouse\objectdb\db\Stock.odb' is opened by 19176@DESKTOP-BNHP2H1

[2018-12-18 18:45:30 #2 store] 
Configuration path: D:\Code\java\WareHouse\objectdb\objectdb.conf

[2018-12-18 18:49:30 #3 store] 
Database 'D:\Code\java\WareHouse\objectdb\db\Stock.odb' is closed by 19176@DESKTOP-BNHP2H1

------------------------------------------------------------------------------------------------------------------------

[2018-12-18 18:49:59 #1 store] 
Database 'D:\Code\java\WareHouse\objectdb\db\Stock.odb' is opened by 14664@DESKTOP-BNHP2H1

[2018-12-18 18:49:59 #2 store] 
Configuration path: D:\Code\java\WareHouse\objectdb\objectdb.conf

[2018-12-18 18:49:59 #3 type.registry] 
New type product.CatalogueEntry

[2018-12-18 18:49:59 #4 type] 
Type product.CatalogueEntry is not enhanced.

[2018-12-18 18:49:59 #5 type.registry] 
New type product.Product

[2018-12-18 18:49:59 #6 type] 
Type product.Product is not enhanced.

[2018-12-18 18:49:59 #7 type.registry] 
New type java.util.ArrayList<java.lang.Object>

[2018-12-18 18:49:59 #8 type.registry] 
New type java.util.ArrayList<product.Product>

[2018-12-18 18:49:59 #9 type.registry] 
New type user.User

[2018-12-18 18:49:59 #10 type] 
Type user.User is not enhanced.

[2018-12-18 18:55:05 #11 type.registry] 
New type product.Shelf

[2018-12-18 18:55:05 #12 type] 
Type product.Shelf is not enhanced.

[2018-12-18 18:55:05 #13 type.registry] 
New type product.Pallet

[2018-12-18 18:55:05 #14 type] 
Type product.Pallet is not enhanced.

[2018-12-18 18:55:05 #15 type.registry] 
New type java.util.ArrayList<product.Pallet>

[2018-12-18 19:05:22 #16 type.registry] 
New type ordermanagement.Order

[2018-12-18 19:05:22 #17 type] 
Type ordermanagement.Order is not enhanced.

[2018-12-18 19:05:22 #18 type.registry] 
New type ordermanagement.OrderProduct

[2018-12-18 19:05:22 #19 type] 
Type ordermanagement.OrderProduct is not enhanced.

[2018-12-18 19:16:47 #20 type.registry] 
New type java.util.ArrayList<ordermanagement.OrderProduct>

------------------------------------------------------------------------------------------------------------------------

[2018-12-18 19:23:22 #1 store] 
Database 'D:\Code\java\WareHouse\objectdb\db\Stock.odb' has been recovered (tr. 1-56)

[2018-12-18 19:23:22 #2 store] 
Database 'D:\Code\java\WareHouse\objectdb\db\Stock.odb' is opened by 9036@DESKTOP-BNHP2H1

[2018-12-18 19:23:22 #3 store] 
Configuration path: D:\Code\java\WareHouse\objectdb\objectdb.conf

[2018-12-18 19:23:58 #4 store] 
Database 'D:\Code\java\WareHouse\objectdb\db\Stock.odb' is closed by 9036@DESKTOP-BNHP2H1

------------------------------------------------------------------------------------------------------------------------

[2018-12-18 19:24:07 #1 store] 
Database 'D:\Code\java\WareHouse\objectdb\db\Stock.odb' is opened by 19984@DESKTOP-BNHP2H1

[2018-12-18 19:24:07 #2 store] 
Configuration path: D:\Code\java\WareHouse\objectdb\objectdb.conf

[2018-12-18 19:24:07 #3 type] 
Type product.CatalogueEntry is not enhanced.

[2018-12-18 19:24:07 #4 type] 
Type product.Product is not enhanced.

[2018-12-18 19:24:07 #5 type] 
Type user.User is not enhanced.

[2018-12-18 19:24:07 #6 type] 
Type product.Shelf is not enhanced.

[2018-12-18 19:24:07 #7 type] 
Type product.Pallet is not enhanced.

[2018-12-18 19:24:07 #8 type] 
Type ordermanagement.Order is not enhanced.

[2018-12-18 19:24:07 #9 type] 
Type ordermanagement.OrderProduct is not enhanced.

------------------------------------------------------------------------------------------------------------------------

[2018-12-18 19:26:21 #1 store] 
Database 'D:\Code\java\WareHouse\objectdb\db\Stock.odb' is opened by 12424@DESKTOP-BNHP2H1

[2018-12-18 19:26:21 #2 store] 
Configuration path: D:\Code\java\WareHouse\objectdb\objectdb.conf

[2018-12-18 19:26:21 #3 type] 
Type product.CatalogueEntry is not enhanced.

[2018-12-18 19:26:21 #4 type] 
Type product.Product is not enhanced.

[2018-12-18 19:26:21 #5 type] 
Type user.User is not enhanced.

[2018-12-18 19:26:21 #6 type] 
Type product.Shelf is not enhanced.

[2018-12-18 19:26:21 #7 type] 
Type product.Pallet is not enhanced.

[2018-12-18 19:26:21 #8 type] 
Type ordermanagement.Order is not enhanced.

[2018-12-18 19:26:21 #9 type] 
Type ordermanagement.OrderProduct is not enhanced.

------------------------------------------------------------------------------------------------------------------------

[2018-12-18 19:30:06 #1 store] 
Database 'D:\Code\java\WareHouse\objectdb\db\Stock.odb' is opened by 1060@DESKTOP-BNHP2H1

[2018-12-18 19:30:06 #2 store] 
Configuration path: D:\Code\java\WareHouse\objectdb\objectdb.conf

[2018-12-18 19:30:06 #3 type] 
Type product.CatalogueEntry is not enhanced.

[2018-12-18 19:30:06 #4 type] 
Type product.Product is not enhanced.

[2018-12-18 19:30:06 #5 type] 
Type user.User is not enhanced.

[2018-12-18 19:30:06 #6 type] 
Type product.Shelf is not enhanced.

[2018-12-18 19:30:06 #7 type] 
Type product.Pallet is not enhanced.

[2018-12-18 19:30:06 #8 type] 
Type ordermanagement.Order is not enhanced.

[2018-12-18 19:30:06 #9 type] 
Type ordermanagement.OrderProduct is not enhanced.

------------------------------------------------------------------------------------------------------------------------

[2018-12-18 19:35:40 #1 store] 
Database 'D:\Code\java\WareHouse\objectdb\db\Stock.odb' has been recovered (tr. 57-61)

[2018-12-18 19:35:40 #2 store] 
Database 'D:\Code\java\WareHouse\objectdb\db\Stock.odb' is opened by 2860@DESKTOP-BNHP2H1

[2018-12-18 19:35:40 #3 store] 
Configuration path: D:\Code\java\WareHouse\objectdb\objectdb.conf

[2018-12-18 19:35:41 #4 type] 
Type product.CatalogueEntry is not enhanced.

[2018-12-18 19:35:41 #5 type] 
Type product.Product is not enhanced.

[2018-12-18 19:35:41 #6 type] 
Type user.User is not enhanced.

[2018-12-18 19:35:41 #7 type] 
Type product.Shelf is not enhanced.

[2018-12-18 19:35:41 #8 type] 
Type product.Pallet is not enhanced.

[2018-12-18 19:35:41 #9 type] 
Type ordermanagement.Order is not enhanced.

[2018-12-18 19:35:41 #10 type] 
Type ordermanagement.OrderProduct is not enhanced.

------------------------------------------------------------------------------------------------------------------------

[2018-12-18 19:39:07 #1 store] 
Database 'D:\Code\java\WareHouse\objectdb\db\Stock.odb' is opened by 6208@DESKTOP-BNHP2H1

[2018-12-18 19:39:07 #2 store] 
Configuration path: D:\Code\java\WareHouse\objectdb\objectdb.conf

[2018-12-18 19:39:07 #3 type] 
Type product.CatalogueEntry is not enhanced.

[2018-12-18 19:39:07 #4 type] 
Type product.Product is not enhanced.

[2018-12-18 19:39:07 #5 type] 
Type user.User is not enhanced.

[2018-12-18 19:39:07 #6 type] 
Type product.Shelf is not enhanced.

[2018-12-18 19:39:07 #7 type] 
Type product.Pallet is not enhanced.

[2018-12-18 19:39:07 #8 type] 
Type ordermanagement.Order is not enhanced.

[2018-12-18 19:39:07 #9 type] 
Type ordermanagement.OrderProduct is not enhanced.

------------------------------------------------------------------------------------------------------------------------

[2018-12-18 19:45:03 #1 store] 
Database 'D:\Code\java\WareHouse\objectdb\db\Stock.odb' is opened by 5908@DESKTOP-BNHP2H1

[2018-12-18 19:45:03 #2 store] 
Configuration path: D:\Code\java\WareHouse\objectdb\objectdb.conf

[2018-12-18 19:45:03 #3 type] 
Type product.CatalogueEntry is not enhanced.

[2018-12-18 19:45:03 #4 type] 
Type product.Product is not enhanced.

[2018-12-18 19:45:03 #5 type] 
Type user.User is not enhanced.

[2018-12-18 19:45:03 #6 type] 
Type product.Shelf is not enhanced.

[2018-12-18 19:45:03 #7 type] 
Type product.Pallet is not enhanced.

[2018-12-18 19:45:03 #8 type] 
Type ordermanagement.Order is not enhanced.

[2018-12-18 19:45:03 #9 type] 
Type ordermanagement.OrderProduct is not enhanced.

------------------------------------------------------------------------------------------------------------------------

[2018-12-18 19:45:55 #1 store] 
Database 'D:\Code\java\WareHouse\objectdb\db\Stock.odb' is opened by 2928@DESKTOP-BNHP2H1

[2018-12-18 19:45:55 #2 store] 
Configuration path: D:\Code\java\WareHouse\objectdb\objectdb.conf

[2018-12-18 19:48:55 #3 store] 
Database 'D:\Code\java\WareHouse\objectdb\db\Stock.odb' is closed by 2928@DESKTOP-BNHP2H1

------------------------------------------------------------------------------------------------------------------------

[2018-12-18 19:49:06 #1 store] 
Database 'D:\Code\java\WareHouse\objectdb\db\Stock.odb' is opened by 18876@DESKTOP-BNHP2H1

[2018-12-18 19:49:06 #2 store] 
Configuration path: D:\Code\java\WareHouse\objectdb\objectdb.conf

[2018-12-18 19:49:07 #3 type] 
Type product.CatalogueEntry is not enhanced.

[2018-12-18 19:49:07 #4 type] 
Type product.Product is not enhanced.

[2018-12-18 19:49:07 #5 type] 
Type user.User is not enhanced.

[2018-12-18 19:49:07 #6 type] 
Type product.Shelf is not enhanced.

[2018-12-18 19:49:07 #7 type] 
Type product.Pallet is not enhanced.

[2018-12-18 19:49:07 #8 type] 
Type ordermanagement.Order is not enhanced.

[2018-12-18 19:49:07 #9 type] 
Type ordermanagement.OrderProduct is not enhanced.

------------------------------------------------------------------------------------------------------------------------

[2018-12-18 19:52:01 #1 store] 
Database 'D:\Code\java\WareHouse\objectdb\db\Stock.odb' is opened by 15840@DESKTOP-BNHP2H1

[2018-12-18 19:52:01 #2 store] 
Configuration path: D:\Code\java\WareHouse\objectdb\objectdb.conf

[2018-12-18 19:52:02 #3 type] 
Type product.CatalogueEntry is not enhanced.

[2018-12-18 19:52:02 #4 type] 
Type product.Product is not enhanced.

[2018-12-18 19:52:02 #5 type] 
Type user.User is not enhanced.

[2018-12-18 19:52:02 #6 type] 
Type product.Shelf is not enhanced.

[2018-12-18 19:52:02 #7 type] 
Type product.Pallet is not enhanced.

[2018-12-18 19:52:02 #8 type] 
Type ordermanagement.Order is not enhanced.

[2018-12-18 19:52:02 #9 type] 
Type ordermanagement.OrderProduct is not enhanced.

------------------------------------------------------------------------------------------------------------------------

[2018-12-18 19:58:10 #1 store] 
Database 'D:\Code\java\WareHouse\objectdb\db\Stock.odb' is opened by 17484@DESKTOP-BNHP2H1

[2018-12-18 19:58:10 #2 store] 
Configuration path: D:\Code\java\WareHouse\objectdb\objectdb.conf

[2018-12-18 19:58:10 #3 type] 
Type product.CatalogueEntry is not enhanced.

[2018-12-18 19:58:10 #4 type] 
Type product.Product is not enhanced.

[2018-12-18 19:58:10 #5 type] 
Type user.User is not enhanced.

[2018-12-18 19:58:10 #6 type] 
Type product.Shelf is not enhanced.

[2018-12-18 19:58:10 #7 type] 
Type product.Pallet is not enhanced.

[2018-12-18 19:58:10 #8 type] 
Type ordermanagement.Order is not enhanced.

[2018-12-18 19:58:10 #9 type] 
Type ordermanagement.OrderProduct is not enhanced.

[2018-12-18 20:03:08 #10 type.registry] 
New type transaction.Transaction

[2018-12-18 20:03:08 #11 type] 
Type transaction.Transaction is not enhanced.

------------------------------------------------------------------------------------------------------------------------

[2018-12-18 20:05:46 #1 store] 
Database 'D:\Code\java\WareHouse\objectdb\db\Stock.odb' has been recovered (tr. 62-66)

[2018-12-18 20:05:46 #2 store] 
Database 'D:\Code\java\WareHouse\objectdb\db\Stock.odb' is opened by 17404@DESKTOP-BNHP2H1

[2018-12-18 20:05:46 #3 store] 
Configuration path: D:\Code\java\WareHouse\objectdb\objectdb.conf

[2018-12-18 20:05:46 #4 type] 
Type product.CatalogueEntry is not enhanced.

[2018-12-18 20:05:46 #5 type] 
Type product.Product is not enhanced.

[2018-12-18 20:05:46 #6 type] 
Type user.User is not enhanced.

[2018-12-18 20:05:46 #7 type] 
Type product.Shelf is not enhanced.

[2018-12-18 20:05:46 #8 type] 
Type product.Pallet is not enhanced.

[2018-12-18 20:05:46 #9 type] 
Type ordermanagement.Order is not enhanced.

[2018-12-18 20:05:46 #10 type] 
Type ordermanagement.OrderProduct is not enhanced.

[2018-12-18 20:05:46 #11 type] 
Type transaction.Transaction is not enhanced.

------------------------------------------------------------------------------------------------------------------------

[2018-12-18 20:14:35 #1 store] 
Database 'D:\Code\java\WareHouse\objectdb\db\Stock.odb' is opened by 9480@DESKTOP-BNHP2H1

[2018-12-18 20:14:35 #2 store] 
Configuration path: D:\Code\java\WareHouse\objectdb\objectdb.conf

[2018-12-18 20:14:36 #3 type] 
Type product.CatalogueEntry is not enhanced.

[2018-12-18 20:14:36 #4 type] 
Type product.Product is not enhanced.

[2018-12-18 20:14:36 #5 type] 
Type user.User is not enhanced.

[2018-12-18 20:14:36 #6 type] 
Type product.Shelf is not enhanced.

[2018-12-18 20:14:36 #7 type] 
Type product.Pallet is not enhanced.

[2018-12-18 20:14:36 #8 type] 
Type ordermanagement.Order is not enhanced.

[2018-12-18 20:14:36 #9 type] 
Type ordermanagement.OrderProduct is not enhanced.

[2018-12-18 20:14:36 #10 type] 
Type transaction.Transaction is not enhanced.

------------------------------------------------------------------------------------------------------------------------

[2018-12-18 20:25:32 #1 store] 
Database 'D:\Code\java\WareHouse\objectdb\db\Stock.odb' has been recovered (tr. 67-71)

[2018-12-18 20:25:32 #2 store] 
Database 'D:\Code\java\WareHouse\objectdb\db\Stock.odb' is opened by 17696@DESKTOP-BNHP2H1

[2018-12-18 20:25:32 #3 store] 
Configuration path: D:\Code\java\WareHouse\objectdb\objectdb.conf

[2018-12-18 20:25:32 #4 type] 
Type product.CatalogueEntry is not enhanced.

[2018-12-18 20:25:32 #5 type] 
Type product.Product is not enhanced.

[2018-12-18 20:25:32 #6 type] 
Type user.User is not enhanced.

[2018-12-18 20:25:32 #7 type] 
Type product.Shelf is not enhanced.

[2018-12-18 20:25:32 #8 type] 
Type product.Pallet is not enhanced.

[2018-12-18 20:25:32 #9 type] 
Type ordermanagement.Order is not enhanced.

[2018-12-18 20:25:32 #10 type] 
Type ordermanagement.OrderProduct is not enhanced.

[2018-12-18 20:25:32 #11 type] 
Type transaction.Transaction is not enhanced.

------------------------------------------------------------------------------------------------------------------------

[2018-12-18 20:28:23 #1 store] 
Database 'D:\Code\java\WareHouse\objectdb\db\Stock.odb' has been recovered (tr. 72-81)

[2018-12-18 20:28:24 #2 store] 
Database 'D:\Code\java\WareHouse\objectdb\db\Stock.odb' is opened by 11192@DESKTOP-BNHP2H1

[2018-12-18 20:28:24 #3 store] 
Configuration path: D:\Code\java\WareHouse\objectdb\objectdb.conf

[2018-12-18 20:28:24 #4 type] 
Type product.CatalogueEntry is not enhanced.

[2018-12-18 20:28:24 #5 type] 
Type product.Product is not enhanced.

[2018-12-18 20:28:24 #6 type] 
Type user.User is not enhanced.

[2018-12-18 20:28:24 #7 type] 
Type product.Shelf is not enhanced.

[2018-12-18 20:28:24 #8 type] 
Type product.Pallet is not enhanced.

[2018-12-18 20:28:24 #9 type] 
Type ordermanagement.Order is not enhanced.

[2018-12-18 20:28:24 #10 type] 
Type ordermanagement.OrderProduct is not enhanced.

[2018-12-18 20:28:24 #11 type] 
Type transaction.Transaction is not enhanced.

------------------------------------------------------------------------------------------------------------------------

[2018-12-18 20:29:03 #1 store] 
Database 'D:\Code\java\WareHouse\objectdb\db\Stock.odb' is opened by 11980@DESKTOP-BNHP2H1

[2018-12-18 20:29:03 #2 store] 
Configuration path: D:\Code\java\WareHouse\objectdb\objectdb.conf

[2018-12-18 20:29:03 #3 type] 
Type product.CatalogueEntry is not enhanced.

[2018-12-18 20:29:03 #4 type] 
Type product.Product is not enhanced.

[2018-12-18 20:29:03 #5 type] 
Type user.User is not enhanced.

[2018-12-18 20:29:03 #6 type] 
Type product.Shelf is not enhanced.

[2018-12-18 20:29:03 #7 type] 
Type product.Pallet is not enhanced.

[2018-12-18 20:29:03 #8 type] 
Type ordermanagement.Order is not enhanced.

[2018-12-18 20:29:03 #9 type] 
Type ordermanagement.OrderProduct is not enhanced.

[2018-12-18 20:29:03 #10 type] 
Type transaction.Transaction is not enhanced.

------------------------------------------------------------------------------------------------------------------------

[2018-12-18 20:30:00 #1 store] 
Database 'D:\Code\java\WareHouse\objectdb\db\Stock.odb' is opened by 20196@DESKTOP-BNHP2H1

[2018-12-18 20:30:00 #2 store] 
Configuration path: D:\Code\java\WareHouse\objectdb\objectdb.conf

[2018-12-18 20:31:17 #3 store] 
Database 'D:\Code\java\WareHouse\objectdb\db\Stock.odb' is closed by 20196@DESKTOP-BNHP2H1

------------------------------------------------------------------------------------------------------------------------

[2018-12-18 20:31:39 #1 store] 
Database 'D:\Code\java\WareHouse\objectdb\db\Stock.odb' is opened by 1276@DESKTOP-BNHP2H1

[2018-12-18 20:31:39 #2 store] 
Configuration path: D:\Code\java\WareHouse\objectdb\objectdb.conf

[2018-12-18 20:31:39 #3 type.registry] 
New type product.CatalogueEntry

[2018-12-18 20:31:39 #4 type] 
Type product.CatalogueEntry is not enhanced.

[2018-12-18 20:31:39 #5 type.registry] 
New type product.Product

[2018-12-18 20:31:39 #6 type] 
Type product.Product is not enhanced.

[2018-12-18 20:31:39 #7 type.registry] 
New type java.util.ArrayList<java.lang.Object>

[2018-12-18 20:31:39 #8 type.registry] 
New type java.util.ArrayList<product.Product>

[2018-12-18 20:31:39 #9 type.registry] 
New type user.User

[2018-12-18 20:31:39 #10 type] 
Type user.User is not enhanced.

------------------------------------------------------------------------------------------------------------------------

[2018-12-18 20:31:49 #1 store] 
Database 'D:\Code\java\WareHouse\objectdb\db\Stock.odb' has been recovered (tr. 1-7)

[2018-12-18 20:31:49 #2 store] 
Database 'D:\Code\java\WareHouse\objectdb\db\Stock.odb' is opened by 14416@DESKTOP-BNHP2H1

[2018-12-18 20:31:49 #3 store] 
Configuration path: D:\Code\java\WareHouse\objectdb\objectdb.conf

[2018-12-18 20:31:49 #4 type] 
Type product.CatalogueEntry is not enhanced.

[2018-12-18 20:31:49 #5 type] 
Type product.Product is not enhanced.

[2018-12-18 20:31:49 #6 type] 
Type user.User is not enhanced.

[2018-12-18 20:31:57 #7 type.registry] 
New type product.Shelf

[2018-12-18 20:31:57 #8 type] 
Type product.Shelf is not enhanced.

[2018-12-18 20:31:57 #9 type.registry] 
New type product.Pallet

[2018-12-18 20:31:57 #10 type] 
Type product.Pallet is not enhanced.

[2018-12-18 20:31:57 #11 type.registry] 
New type java.util.ArrayList<product.Pallet>

[2018-12-18 20:32:36 #12 type.registry] 
New type ordermanagement.Order

[2018-12-18 20:32:36 #13 type] 
Type ordermanagement.Order is not enhanced.

[2018-12-18 20:32:36 #14 type.registry] 
New type ordermanagement.OrderProduct

[2018-12-18 20:32:36 #15 type] 
Type ordermanagement.OrderProduct is not enhanced.

[2018-12-18 20:33:03 #16 type.registry] 
New type java.util.ArrayList<ordermanagement.OrderProduct>

[2018-12-18 20:33:34 #17 type.registry] 
New type transaction.Transaction

[2018-12-18 20:33:34 #18 type] 
Type transaction.Transaction is not enhanced.

------------------------------------------------------------------------------------------------------------------------

[2018-12-18 20:33:55 #1 store] 
Database 'D:\Code\java\WareHouse\objectdb\db\Stock.odb' has been recovered (tr. 8-40)

[2018-12-18 20:33:56 #2 store] 
Database 'D:\Code\java\WareHouse\objectdb\db\Stock.odb' is opened by 10896@DESKTOP-BNHP2H1

[2018-12-18 20:33:56 #3 store] 
Configuration path: D:\Code\java\WareHouse\objectdb\objectdb.conf

[2018-12-18 20:34:16 #4 store] 
Database 'D:\Code\java\WareHouse\objectdb\db\Stock.odb' is closed by 10896@DESKTOP-BNHP2H1

------------------------------------------------------------------------------------------------------------------------

[2018-12-18 20:41:52 #1 store] 
Database 'D:\Code\java\WareHouse\objectdb\db\Stock.odb' is opened by 19476@DESKTOP-BNHP2H1

[2018-12-18 20:41:52 #2 store] 
Configuration path: D:\Code\java\WareHouse\objectdb\objectdb.conf

[2018-12-18 20:41:52 #3 type] 
Type product.CatalogueEntry is not enhanced.

[2018-12-18 20:41:52 #4 type] 
Type product.Product is not enhanced.

[2018-12-18 20:41:52 #5 type] 
Type user.User is not enhanced.

[2018-12-18 20:41:52 #6 type] 
Type product.Shelf is not enhanced.

[2018-12-18 20:41:52 #7 type] 
Type product.Pallet is not enhanced.

[2018-12-18 20:41:52 #8 type] 
Type ordermanagement.Order is not enhanced.

[2018-12-18 20:41:52 #9 type] 
Type ordermanagement.OrderProduct is not enhanced.

[2018-12-18 20:41:52 #10 type] 
Type transaction.Transaction is not enhanced.

[2018-12-18 20:44:22 #11 type.registry] 
New type user.Staff

[2018-12-18 20:44:22 #12 type] 
Type user.Staff is not enhanced.

------------------------------------------------------------------------------------------------------------------------

[2018-12-18 20:44:40 #1 store] 
Database 'D:\Code\java\WareHouse\objectdb\db\Stock.odb' has been recovered (tr. 41-47)

[2018-12-18 20:44:40 #2 store] 
Database 'D:\Code\java\WareHouse\objectdb\db\Stock.odb' is opened by 16696@DESKTOP-BNHP2H1

[2018-12-18 20:44:40 #3 store] 
Configuration path: D:\Code\java\WareHouse\objectdb\objectdb.conf

[2018-12-18 20:49:03 #4 store] 
Database 'D:\Code\java\WareHouse\objectdb\db\Stock.odb' is closed by 16696@DESKTOP-BNHP2H1

------------------------------------------------------------------------------------------------------------------------

[2018-12-18 20:49:54 #1 store] 
Database 'D:\Code\java\WareHouse\objectdb\db\Stock.odb' is opened by 2480@DESKTOP-BNHP2H1

[2018-12-18 20:49:54 #2 store] 
Configuration path: D:\Code\java\WareHouse\objectdb\objectdb.conf

[2018-12-18 20:49:55 #3 type] 
Type product.CatalogueEntry is not enhanced.

[2018-12-18 20:49:55 #4 type] 
Type product.Product is not enhanced.

[2018-12-18 20:49:55 #5 type] 
Type user.User is not enhanced.

[2018-12-18 20:49:55 #6 type] 
Type product.Shelf is not enhanced.

[2018-12-18 20:49:55 #7 type] 
Type product.Pallet is not enhanced.

[2018-12-18 20:49:55 #8 type] 
Type ordermanagement.Order is not enhanced.

[2018-12-18 20:49:55 #9 type] 
Type ordermanagement.OrderProduct is not enhanced.

[2018-12-18 20:49:55 #10 type] 
Type transaction.Transaction is not enhanced.

[2018-12-18 20:49:55 #11 type] 
Type user.Staff is not enhanced.

------------------------------------------------------------------------------------------------------------------------

[2018-12-18 20:51:50 #1 store] 
Database 'D:\Code\java\WareHouse\objectdb\db\Stock.odb' is opened by 6668@DESKTOP-BNHP2H1

[2018-12-18 20:51:50 #2 store] 
Configuration path: D:\Code\java\WareHouse\objectdb\objectdb.conf

[2018-12-18 20:51:50 #3 type] 
Type product.CatalogueEntry is not enhanced.

[2018-12-18 20:51:50 #4 type] 
Type product.Product is not enhanced.

[2018-12-18 20:51:50 #5 type] 
Type user.User is not enhanced.

[2018-12-18 20:51:50 #6 type] 
Type product.Shelf is not enhanced.

[2018-12-18 20:51:50 #7 type] 
Type product.Pallet is not enhanced.

[2018-12-18 20:51:50 #8 type] 
Type ordermanagement.Order is not enhanced.

[2018-12-18 20:51:50 #9 type] 
Type ordermanagement.OrderProduct is not enhanced.

[2018-12-18 20:51:50 #10 type] 
Type transaction.Transaction is not enhanced.

[2018-12-18 20:51:50 #11 type] 
Type user.Staff is not enhanced.

------------------------------------------------------------------------------------------------------------------------

[2018-12-18 20:54:06 #1 store] 
Database 'D:\Code\java\WareHouse\objectdb\db\Stock.odb' is opened by 12880@DESKTOP-BNHP2H1

[2018-12-18 20:54:06 #2 store] 
Configuration path: D:\Code\java\WareHouse\objectdb\objectdb.conf

[2018-12-18 20:54:06 #3 type] 
Type product.CatalogueEntry is not enhanced.

[2018-12-18 20:54:06 #4 type] 
Type product.Product is not enhanced.

[2018-12-18 20:54:06 #5 type] 
Type user.User is not enhanced.

[2018-12-18 20:54:06 #6 type] 
Type product.Shelf is not enhanced.

[2018-12-18 20:54:06 #7 type] 
Type product.Pallet is not enhanced.

[2018-12-18 20:54:06 #8 type] 
Type ordermanagement.Order is not enhanced.

[2018-12-18 20:54:06 #9 type] 
Type ordermanagement.OrderProduct is not enhanced.

[2018-12-18 20:54:06 #10 type] 
Type transaction.Transaction is not enhanced.

[2018-12-18 20:54:06 #11 type] 
Type user.Staff is not enhanced.

------------------------------------------------------------------------------------------------------------------------

[2018-12-18 22:18:38 #1 store] 
Database 'D:\Code\java\WareHouse\objectdb\db\Stock.odb' has been recovered (tr. 48-48)

[2018-12-18 22:18:38 #2 store] 
Database 'D:\Code\java\WareHouse\objectdb\db\Stock.odb' is opened by 14632@DESKTOP-BNHP2H1

[2018-12-18 22:18:38 #3 store] 
Configuration path: D:\Code\java\WareHouse\objectdb\objectdb.conf

[2018-12-18 22:18:38 #4 type] 
Type product.CatalogueEntry is not enhanced.

[2018-12-18 22:18:38 #5 type] 
Type product.Product is not enhanced.

[2018-12-18 22:18:38 #6 type] 
Type user.User is not enhanced.

[2018-12-18 22:18:38 #7 type] 
Type product.Shelf is not enhanced.

[2018-12-18 22:18:38 #8 type] 
Type product.Pallet is not enhanced.

[2018-12-18 22:18:38 #9 type] 
Type ordermanagement.Order is not enhanced.

[2018-12-18 22:18:38 #10 type] 
Type ordermanagement.OrderProduct is not enhanced.

[2018-12-18 22:18:38 #11 type] 
Type transaction.Transaction is not enhanced.

[2018-12-18 22:18:38 #12 type] 
Type user.Staff is not enhanced.

------------------------------------------------------------------------------------------------------------------------

[2018-12-18 22:22:12 #1 store] 
Database 'D:\Code\java\WareHouse\objectdb\db\Stock.odb' has been recovered (tr. 49-57)

[2018-12-18 22:22:12 #2 store] 
Database 'D:\Code\java\WareHouse\objectdb\db\Stock.odb' is opened by 4440@DESKTOP-BNHP2H1

[2018-12-18 22:22:12 #3 store] 
Configuration path: D:\Code\java\WareHouse\objectdb\objectdb.conf

[2018-12-18 22:22:12 #4 type] 
Type product.CatalogueEntry is not enhanced.

[2018-12-18 22:22:12 #5 type] 
Type product.Product is not enhanced.

[2018-12-18 22:22:12 #6 type] 
Type user.User is not enhanced.

[2018-12-18 22:22:12 #7 type] 
Type product.Shelf is not enhanced.

[2018-12-18 22:22:12 #8 type] 
Type product.Pallet is not enhanced.

[2018-12-18 22:22:12 #9 type] 
Type ordermanagement.Order is not enhanced.

[2018-12-18 22:22:12 #10 type] 
Type ordermanagement.OrderProduct is not enhanced.

[2018-12-18 22:22:12 #11 type] 
Type transaction.Transaction is not enhanced.

[2018-12-18 22:22:12 #12 type] 
Type user.Staff is not enhanced.

------------------------------------------------------------------------------------------------------------------------

[2018-12-18 22:25:32 #1 store] 
Database 'D:\Code\java\WareHouse\objectdb\db\Stock.odb' has been recovered (tr. 58-98)

[2018-12-18 22:25:32 #2 store] 
Database 'D:\Code\java\WareHouse\objectdb\db\Stock.odb' is opened by 15508@DESKTOP-BNHP2H1

[2018-12-18 22:25:32 #3 store] 
Configuration path: D:\Code\java\WareHouse\objectdb\objectdb.conf

[2018-12-18 22:25:32 #4 type] 
Type product.CatalogueEntry is not enhanced.

[2018-12-18 22:25:32 #5 type] 
Type product.Product is not enhanced.

[2018-12-18 22:25:32 #6 type] 
Type user.User is not enhanced.

[2018-12-18 22:25:32 #7 type] 
Type product.Shelf is not enhanced.

[2018-12-18 22:25:32 #8 type] 
Type product.Pallet is not enhanced.

[2018-12-18 22:25:32 #9 type] 
Type ordermanagement.Order is not enhanced.

[2018-12-18 22:25:32 #10 type] 
Type ordermanagement.OrderProduct is not enhanced.

[2018-12-18 22:25:32 #11 type] 
Type transaction.Transaction is not enhanced.

[2018-12-18 22:25:32 #12 type] 
Type user.Staff is not enhanced.

[2018-12-18 22:26:51 #13 type.registry] 
New type user.Manager

[2018-12-18 22:26:51 #14 type] 
Type user.Manager is not enhanced.

------------------------------------------------------------------------------------------------------------------------

[2018-12-18 22:29:54 #1 store] 
Database 'D:\Code\java\WareHouse\objectdb\db\Stock.odb' has been recovered (tr. 99-100)

[2018-12-18 22:29:54 #2 store] 
Database 'D:\Code\java\WareHouse\objectdb\db\Stock.odb' is opened by 18220@DESKTOP-BNHP2H1

[2018-12-18 22:29:54 #3 store] 
Configuration path: D:\Code\java\WareHouse\objectdb\objectdb.conf

[2018-12-18 22:29:54 #4 type] 
Type product.CatalogueEntry is not enhanced.

[2018-12-18 22:29:54 #5 type] 
Type product.Product is not enhanced.

[2018-12-18 22:29:54 #6 type] 
Type user.User is not enhanced.

[2018-12-18 22:29:54 #7 type] 
Type product.Shelf is not enhanced.

[2018-12-18 22:29:54 #8 type] 
Type product.Pallet is not enhanced.

[2018-12-18 22:29:54 #9 type] 
Type ordermanagement.Order is not enhanced.

[2018-12-18 22:29:54 #10 type] 
Type ordermanagement.OrderProduct is not enhanced.

[2018-12-18 22:29:54 #11 type] 
Type transaction.Transaction is not enhanced.

[2018-12-18 22:29:54 #12 type] 
Type user.Staff is not enhanced.

[2018-12-18 22:29:54 #13 type] 
Type user.Manager is not enhanced.

------------------------------------------------------------------------------------------------------------------------

[2018-12-18 22:30:24 #1 store] 
Database 'D:\Code\java\WareHouse\objectdb\db\Stock.odb' is opened by 18448@DESKTOP-BNHP2H1

[2018-12-18 22:30:24 #2 store] 
Configuration path: D:\Code\java\WareHouse\objectdb\objectdb.conf

[2018-12-18 22:30:24 #3 type] 
Type product.CatalogueEntry is not enhanced.

[2018-12-18 22:30:24 #4 type] 
Type product.Product is not enhanced.

[2018-12-18 22:30:24 #5 type] 
Type user.User is not enhanced.

[2018-12-18 22:30:24 #6 type] 
Type product.Shelf is not enhanced.

[2018-12-18 22:30:24 #7 type] 
Type product.Pallet is not enhanced.

[2018-12-18 22:30:24 #8 type] 
Type ordermanagement.Order is not enhanced.

[2018-12-18 22:30:24 #9 type] 
Type ordermanagement.OrderProduct is not enhanced.

[2018-12-18 22:30:24 #10 type] 
Type transaction.Transaction is not enhanced.

[2018-12-18 22:30:24 #11 type] 
Type user.Staff is not enhanced.

[2018-12-18 22:30:24 #12 type] 
Type user.Manager is not enhanced.

------------------------------------------------------------------------------------------------------------------------

[2018-12-18 22:33:22 #1 store] 
Database 'D:\Code\java\WareHouse\objectdb\db\Stock.odb' is opened by 15416@DESKTOP-BNHP2H1

[2018-12-18 22:33:22 #2 store] 
Configuration path: D:\Code\java\WareHouse\objectdb\objectdb.conf

[2018-12-18 22:33:22 #3 type] 
Type product.CatalogueEntry is not enhanced.

[2018-12-18 22:33:22 #4 type] 
Type product.Product is not enhanced.

[2018-12-18 22:33:22 #5 type] 
Type user.User is not enhanced.

[2018-12-18 22:33:22 #6 type] 
Type product.Shelf is not enhanced.

[2018-12-18 22:33:22 #7 type] 
Type product.Pallet is not enhanced.

[2018-12-18 22:33:22 #8 type] 
Type ordermanagement.Order is not enhanced.

[2018-12-18 22:33:22 #9 type] 
Type ordermanagement.OrderProduct is not enhanced.

[2018-12-18 22:33:22 #10 type] 
Type transaction.Transaction is not enhanced.

[2018-12-18 22:33:22 #11 type] 
Type user.Staff is not enhanced.

[2018-12-18 22:33:22 #12 type] 
Type user.Manager is not enhanced.

------------------------------------------------------------------------------------------------------------------------

[2018-12-18 22:36:00 #1 store] 
Database 'D:\Code\java\WareHouse\objectdb\db\Stock.odb' is opened by 4444@DESKTOP-BNHP2H1

[2018-12-18 22:36:00 #2 store] 
Configuration path: D:\Code\java\WareHouse\objectdb\objectdb.conf

[2018-12-18 22:36:01 #3 type] 
Type product.CatalogueEntry is not enhanced.

[2018-12-18 22:36:01 #4 type] 
Type product.Product is not enhanced.

[2018-12-18 22:36:01 #5 type] 
Type user.User is not enhanced.

[2018-12-18 22:36:01 #6 type] 
Type product.Shelf is not enhanced.

[2018-12-18 22:36:01 #7 type] 
Type product.Pallet is not enhanced.

[2018-12-18 22:36:01 #8 type] 
Type ordermanagement.Order is not enhanced.

[2018-12-18 22:36:01 #9 type] 
Type ordermanagement.OrderProduct is not enhanced.

[2018-12-18 22:36:01 #10 type] 
Type transaction.Transaction is not enhanced.

[2018-12-18 22:36:01 #11 type] 
Type user.Staff is not enhanced.

[2018-12-18 22:36:01 #12 type] 
Type user.Manager is not enhanced.

------------------------------------------------------------------------------------------------------------------------

[2018-12-18 22:36:34 #1 store] 
Database 'D:\Code\java\WareHouse\objectdb\db\Stock.odb' is opened by 11340@DESKTOP-BNHP2H1

[2018-12-18 22:36:34 #2 store] 
Configuration path: D:\Code\java\WareHouse\objectdb\objectdb.conf

[2018-12-18 22:36:35 #3 type] 
Type product.CatalogueEntry is not enhanced.

[2018-12-18 22:36:35 #4 type] 
Type product.Product is not enhanced.

[2018-12-18 22:36:35 #5 type] 
Type user.User is not enhanced.

[2018-12-18 22:36:35 #6 type] 
Type product.Shelf is not enhanced.

[2018-12-18 22:36:35 #7 type] 
Type product.Pallet is not enhanced.

[2018-12-18 22:36:35 #8 type] 
Type ordermanagement.Order is not enhanced.

[2018-12-18 22:36:35 #9 type] 
Type ordermanagement.OrderProduct is not enhanced.

[2018-12-18 22:36:35 #10 type] 
Type transaction.Transaction is not enhanced.

[2018-12-18 22:36:35 #11 type] 
Type user.Staff is not enhanced.

[2018-12-18 22:36:35 #12 type] 
Type user.Manager is not enhanced.

------------------------------------------------------------------------------------------------------------------------

[2018-12-18 22:41:50 #1 store] 
Database 'D:\Code\java\WareHouse\objectdb\db\Stock.odb' has been recovered (tr. 101-105)

[2018-12-18 22:41:50 #2 store] 
Database 'D:\Code\java\WareHouse\objectdb\db\Stock.odb' is opened by 18808@DESKTOP-BNHP2H1

[2018-12-18 22:41:50 #3 store] 
Configuration path: D:\Code\java\WareHouse\objectdb\objectdb.conf

[2018-12-18 22:41:50 #4 type] 
Type product.CatalogueEntry is not enhanced.

[2018-12-18 22:41:50 #5 type] 
Type product.Product is not enhanced.

[2018-12-18 22:41:50 #6 type] 
Type user.User is not enhanced.

[2018-12-18 22:41:50 #7 type] 
Type product.Shelf is not enhanced.

[2018-12-18 22:41:50 #8 type] 
Type product.Pallet is not enhanced.

[2018-12-18 22:41:50 #9 type] 
Type ordermanagement.Order is not enhanced.

[2018-12-18 22:41:50 #10 type] 
Type ordermanagement.OrderProduct is not enhanced.

[2018-12-18 22:41:50 #11 type] 
Type transaction.Transaction is not enhanced.

[2018-12-18 22:41:50 #12 type] 
Type user.Staff is not enhanced.

[2018-12-18 22:41:50 #13 type] 
Type user.Manager is not enhanced.

------------------------------------------------------------------------------------------------------------------------

[2018-12-18 22:43:37 #1 store] 
Database 'D:\Code\java\WareHouse\objectdb\db\Stock.odb' is opened by 11812@DESKTOP-BNHP2H1

[2018-12-18 22:43:37 #2 store] 
Configuration path: D:\Code\java\WareHouse\objectdb\objectdb.conf

[2018-12-18 22:43:37 #3 type] 
Type product.CatalogueEntry is not enhanced.

[2018-12-18 22:43:37 #4 type] 
Type product.Product is not enhanced.

[2018-12-18 22:43:37 #5 type] 
Type user.User is not enhanced.

[2018-12-18 22:43:37 #6 type] 
Type product.Shelf is not enhanced.

[2018-12-18 22:43:37 #7 type] 
Type product.Pallet is not enhanced.

[2018-12-18 22:43:37 #8 type] 
Type ordermanagement.Order is not enhanced.

[2018-12-18 22:43:37 #9 type] 
Type ordermanagement.OrderProduct is not enhanced.

[2018-12-18 22:43:37 #10 type] 
Type transaction.Transaction is not enhanced.

[2018-12-18 22:43:37 #11 type] 
Type user.Staff is not enhanced.

[2018-12-18 22:43:37 #12 type] 
Type user.Manager is not enhanced.

------------------------------------------------------------------------------------------------------------------------

[2018-12-18 22:44:51 #1 store] 
Database 'D:\Code\java\WareHouse\objectdb\db\Stock.odb' is opened by 5084@DESKTOP-BNHP2H1

[2018-12-18 22:44:51 #2 store] 
Configuration path: D:\Code\java\WareHouse\objectdb\objectdb.conf

[2018-12-18 22:44:51 #3 type] 
Type product.CatalogueEntry is not enhanced.

[2018-12-18 22:44:51 #4 type] 
Type product.Product is not enhanced.

[2018-12-18 22:44:51 #5 type] 
Type user.User is not enhanced.

[2018-12-18 22:44:51 #6 type] 
Type product.Shelf is not enhanced.

[2018-12-18 22:44:51 #7 type] 
Type product.Pallet is not enhanced.

[2018-12-18 22:44:51 #8 type] 
Type ordermanagement.Order is not enhanced.

[2018-12-18 22:44:51 #9 type] 
Type ordermanagement.OrderProduct is not enhanced.

[2018-12-18 22:44:51 #10 type] 
Type transaction.Transaction is not enhanced.

[2018-12-18 22:44:51 #11 type] 
Type user.Staff is not enhanced.

[2018-12-18 22:44:51 #12 type] 
Type user.Manager is not enhanced.

------------------------------------------------------------------------------------------------------------------------

[2018-12-18 22:47:15 #1 store] 
Database 'D:\Code\java\WareHouse\objectdb\db\Stock.odb' is opened by 11668@DESKTOP-BNHP2H1

[2018-12-18 22:47:15 #2 store] 
Configuration path: D:\Code\java\WareHouse\objectdb\objectdb.conf

[2018-12-18 22:47:16 #3 type] 
Type product.CatalogueEntry is not enhanced.

[2018-12-18 22:47:16 #4 type] 
Type product.Product is not enhanced.

[2018-12-18 22:47:16 #5 type] 
Type user.User is not enhanced.

[2018-12-18 22:47:16 #6 type] 
Type product.Shelf is not enhanced.

[2018-12-18 22:47:16 #7 type] 
Type product.Pallet is not enhanced.

[2018-12-18 22:47:16 #8 type] 
Type ordermanagement.Order is not enhanced.

[2018-12-18 22:47:16 #9 type] 
Type ordermanagement.OrderProduct is not enhanced.

[2018-12-18 22:47:16 #10 type] 
Type transaction.Transaction is not enhanced.

[2018-12-18 22:47:16 #11 type] 
Type user.Staff is not enhanced.

[2018-12-18 22:47:16 #12 type] 
Type user.Manager is not enhanced.

------------------------------------------------------------------------------------------------------------------------

[2018-12-18 22:47:38 #1 store] 
Database 'D:\Code\java\WareHouse\objectdb\db\Stock.odb' is opened by 7576@DESKTOP-BNHP2H1

[2018-12-18 22:47:38 #2 store] 
Configuration path: D:\Code\java\WareHouse\objectdb\objectdb.conf

[2018-12-18 22:47:38 #3 type] 
Type product.CatalogueEntry is not enhanced.

[2018-12-18 22:47:38 #4 type] 
Type product.Product is not enhanced.

[2018-12-18 22:47:38 #5 type] 
Type user.User is not enhanced.

[2018-12-18 22:47:38 #6 type] 
Type product.Shelf is not enhanced.

[2018-12-18 22:47:38 #7 type] 
Type product.Pallet is not enhanced.

[2018-12-18 22:47:38 #8 type] 
Type ordermanagement.Order is not enhanced.

[2018-12-18 22:47:38 #9 type] 
Type ordermanagement.OrderProduct is not enhanced.

[2018-12-18 22:47:38 #10 type] 
Type transaction.Transaction is not enhanced.

[2018-12-18 22:47:38 #11 type] 
Type user.Staff is not enhanced.

[2018-12-18 22:47:38 #12 type] 
Type user.Manager is not enhanced.

------------------------------------------------------------------------------------------------------------------------

[2018-12-18 22:47:51 #1 store] 
Database 'D:\Code\java\WareHouse\objectdb\db\Stock.odb' is opened by 17864@DESKTOP-BNHP2H1

[2018-12-18 22:47:51 #2 store] 
Configuration path: D:\Code\java\WareHouse\objectdb\objectdb.conf

[2018-12-18 22:47:51 #3 type] 
Type product.CatalogueEntry is not enhanced.

[2018-12-18 22:47:51 #4 type] 
Type product.Product is not enhanced.

[2018-12-18 22:47:51 #5 type] 
Type user.User is not enhanced.

[2018-12-18 22:47:51 #6 type] 
Type product.Shelf is not enhanced.

[2018-12-18 22:47:51 #7 type] 
Type product.Pallet is not enhanced.

[2018-12-18 22:47:51 #8 type] 
Type ordermanagement.Order is not enhanced.

[2018-12-18 22:47:51 #9 type] 
Type ordermanagement.OrderProduct is not enhanced.

[2018-12-18 22:47:51 #10 type] 
Type transaction.Transaction is not enhanced.

[2018-12-18 22:47:51 #11 type] 
Type user.Staff is not enhanced.

[2018-12-18 22:47:51 #12 type] 
Type user.Manager is not enhanced.

------------------------------------------------------------------------------------------------------------------------

[2018-12-18 22:56:03 #1 store] 
Database 'D:\Code\java\WareHouse\objectdb\db\Stock.odb' is opened by 7144@DESKTOP-BNHP2H1

[2018-12-18 22:56:03 #2 store] 
Configuration path: D:\Code\java\WareHouse\objectdb\objectdb.conf

[2018-12-18 22:56:03 #3 type] 
Type product.CatalogueEntry is not enhanced.

[2018-12-18 22:56:03 #4 type] 
Type product.Product is not enhanced.

[2018-12-18 22:56:03 #5 type] 
Type user.User is not enhanced.

[2018-12-18 22:56:03 #6 type] 
Type product.Shelf is not enhanced.

[2018-12-18 22:56:03 #7 type] 
Type product.Pallet is not enhanced.

[2018-12-18 22:56:03 #8 type] 
Type ordermanagement.Order is not enhanced.

[2018-12-18 22:56:03 #9 type] 
Type ordermanagement.OrderProduct is not enhanced.

[2018-12-18 22:56:03 #10 type] 
Type transaction.Transaction is not enhanced.

[2018-12-18 22:56:03 #11 type] 
Type user.Staff is not enhanced.

[2018-12-18 22:56:03 #12 type] 
Type user.Manager is not enhanced.

------------------------------------------------------------------------------------------------------------------------

[2018-12-18 22:56:18 #1 store] 
Database 'D:\Code\java\WareHouse\objectdb\db\Stock.odb' is opened by 10120@DESKTOP-BNHP2H1

[2018-12-18 22:56:18 #2 store] 
Configuration path: D:\Code\java\WareHouse\objectdb\objectdb.conf

[2018-12-18 22:56:18 #3 type] 
Type product.CatalogueEntry is not enhanced.

[2018-12-18 22:56:18 #4 type] 
Type product.Product is not enhanced.

[2018-12-18 22:56:18 #5 type] 
Type user.User is not enhanced.

[2018-12-18 22:56:18 #6 type] 
Type product.Shelf is not enhanced.

[2018-12-18 22:56:18 #7 type] 
Type product.Pallet is not enhanced.

[2018-12-18 22:56:18 #8 type] 
Type ordermanagement.Order is not enhanced.

[2018-12-18 22:56:18 #9 type] 
Type ordermanagement.OrderProduct is not enhanced.

[2018-12-18 22:56:18 #10 type] 
Type transaction.Transaction is not enhanced.

[2018-12-18 22:56:18 #11 type] 
Type user.Staff is not enhanced.

[2018-12-18 22:56:18 #12 type] 
Type user.Manager is not enhanced.

------------------------------------------------------------------------------------------------------------------------

[2018-12-18 22:59:57 #1 store] 
Database 'D:\Code\java\WareHouse\objectdb\db\Stock.odb' is opened by 11796@DESKTOP-BNHP2H1

[2018-12-18 22:59:57 #2 store] 
Configuration path: D:\Code\java\WareHouse\objectdb\objectdb.conf

[2018-12-18 22:59:58 #3 type] 
Type product.CatalogueEntry is not enhanced.

[2018-12-18 22:59:58 #4 type] 
Type product.Product is not enhanced.

[2018-12-18 22:59:58 #5 type] 
Type user.User is not enhanced.

[2018-12-18 22:59:58 #6 type] 
Type product.Shelf is not enhanced.

[2018-12-18 22:59:58 #7 type] 
Type product.Pallet is not enhanced.

[2018-12-18 22:59:58 #8 type] 
Type ordermanagement.Order is not enhanced.

[2018-12-18 22:59:58 #9 type] 
Type ordermanagement.OrderProduct is not enhanced.

[2018-12-18 22:59:58 #10 type] 
Type transaction.Transaction is not enhanced.

[2018-12-18 22:59:58 #11 type] 
Type user.Staff is not enhanced.

[2018-12-18 22:59:58 #12 type] 
Type user.Manager is not enhanced.

------------------------------------------------------------------------------------------------------------------------

[2018-12-18 23:37:43 #1 store] 
Database 'D:\Code\java\WareHouse\objectdb\db\Stock.odb' has been recovered (tr. 106-146)

[2018-12-18 23:37:43 #2 store] 
Database 'D:\Code\java\WareHouse\objectdb\db\Stock.odb' is opened by 17364@DESKTOP-BNHP2H1

[2018-12-18 23:37:43 #3 store] 
Configuration path: D:\Code\java\WareHouse\objectdb\objectdb.conf

[2018-12-18 23:37:43 #4 type] 
Type product.CatalogueEntry is not enhanced.

[2018-12-18 23:37:43 #5 type] 
Type product.Product is not enhanced.

[2018-12-18 23:37:43 #6 type] 
Type user.User is not enhanced.

[2018-12-18 23:37:43 #7 type] 
Type product.Shelf is not enhanced.

[2018-12-18 23:37:43 #8 type] 
Type product.Pallet is not enhanced.

[2018-12-18 23:37:43 #9 type] 
Type ordermanagement.Order is not enhanced.

[2018-12-18 23:37:43 #10 type] 
Type ordermanagement.OrderProduct is not enhanced.

[2018-12-18 23:37:43 #11 type] 
Type transaction.Transaction is not enhanced.

[2018-12-18 23:37:43 #12 type] 
Type user.Staff is not enhanced.

[2018-12-18 23:37:43 #13 type] 
Type user.Manager is not enhanced.

------------------------------------------------------------------------------------------------------------------------

[2018-12-18 23:38:45 #1 store] 
Database 'D:\Code\java\WareHouse\objectdb\db\Stock.odb' has been recovered (tr. 147-159)

[2018-12-18 23:38:45 #2 store] 
Database 'D:\Code\java\WareHouse\objectdb\db\Stock.odb' is opened by 16900@DESKTOP-BNHP2H1

[2018-12-18 23:38:45 #3 store] 
Configuration path: D:\Code\java\WareHouse\objectdb\objectdb.conf

[2018-12-18 23:38:45 #4 type] 
Type product.CatalogueEntry is not enhanced.

[2018-12-18 23:38:45 #5 type] 
Type product.Product is not enhanced.

[2018-12-18 23:38:45 #6 type] 
Type user.User is not enhanced.

[2018-12-18 23:38:45 #7 type] 
Type product.Shelf is not enhanced.

[2018-12-18 23:38:45 #8 type] 
Type product.Pallet is not enhanced.

[2018-12-18 23:38:45 #9 type] 
Type ordermanagement.Order is not enhanced.

[2018-12-18 23:38:45 #10 type] 
Type ordermanagement.OrderProduct is not enhanced.

[2018-12-18 23:38:45 #11 type] 
Type transaction.Transaction is not enhanced.

[2018-12-18 23:38:45 #12 type] 
Type user.Staff is not enhanced.

[2018-12-18 23:38:45 #13 type] 
Type user.Manager is not enhanced.

