------------------------------------------------------------------------------------------------------------------------

[2018-11-14 00:15:09 #1 store] 
Database 'C:\Users\itwspsx\Desktop\WareHouse\objectdb\db\Stock.odb' is opened by 8064@DESKTOP-QHVITT6

[2018-11-14 00:15:09 #2 store] 
Configuration path: C:\Users\itwspsx\Desktop\WareHouse\objectdb\objectdb.conf

[2018-11-14 00:15:09 #3 type] 
Type product.Product is not enhanced.

[2018-11-14 00:15:09 #4 type] 
Type user.User is not enhanced.

------------------------------------------------------------------------------------------------------------------------

[2018-11-14 00:35:54 #1 store] 
Database 'C:\Users\itwspsx\Desktop\WareHouse\objectdb\db\Stock.odb' is opened by 13128@DESKTOP-QHVITT6

[2018-11-14 00:35:54 #2 store] 
Configuration path: C:\Users\itwspsx\Desktop\WareHouse\objectdb\objectdb.conf

[2018-11-14 00:35:54 #3 type] 
Type product.Product is not enhanced.

[2018-11-14 00:35:54 #4 type] 
Type user.User is not enhanced.

------------------------------------------------------------------------------------------------------------------------

[2018-11-14 00:37:59 #1 store] 
Database 'C:\Users\itwspsx\Desktop\WareHouse\objectdb\db\Stock.odb' is opened by 392@DESKTOP-QHVITT6

[2018-11-14 00:37:59 #2 store] 
Configuration path: C:\Users\itwspsx\Desktop\WareHouse\objectdb\objectdb.conf

[2018-11-14 00:37:59 #3 type] 
Type product.Product is not enhanced.

[2018-11-14 00:37:59 #4 type] 
Type user.User is not enhanced.

------------------------------------------------------------------------------------------------------------------------

[2018-11-14 00:39:11 #1 store] 
Database 'C:\Users\itwspsx\Desktop\WareHouse\objectdb\db\Stock.odb' is opened by 2616@DESKTOP-QHVITT6

[2018-11-14 00:39:11 #2 store] 
Configuration path: C:\Users\itwspsx\Desktop\WareHouse\objectdb\objectdb.conf

[2018-11-14 00:39:11 #3 type] 
Type product.Product is not enhanced.

[2018-11-14 00:39:11 #4 type] 
Type user.User is not enhanced.

------------------------------------------------------------------------------------------------------------------------

[2018-11-14 00:39:49 #1 store] 
Database 'C:\Users\itwspsx\Desktop\WareHouse\objectdb\db\Stock.odb' is opened by 15628@DESKTOP-QHVITT6

[2018-11-14 00:39:49 #2 store] 
Configuration path: C:\Users\itwspsx\Desktop\WareHouse\objectdb\objectdb.conf

[2018-11-14 00:39:49 #3 type] 
Type product.Product is not enhanced.

[2018-11-14 00:39:49 #4 type] 
Type user.User is not enhanced.

------------------------------------------------------------------------------------------------------------------------

[2018-11-14 00:53:18 #1 store] 
Database 'C:\Users\itwspsx\Desktop\WareHouse\objectdb\db\Stock.odb' is opened by 18816@DESKTOP-QHVITT6

[2018-11-14 00:53:18 #2 store] 
Configuration path: C:\Users\itwspsx\Desktop\WareHouse\objectdb\objectdb.conf

[2018-11-14 00:53:18 #3 type] 
Type product.Product is not enhanced.

[2018-11-14 00:53:18 #4 type] 
Type user.User is not enhanced.

------------------------------------------------------------------------------------------------------------------------

[2018-11-14 00:53:36 #1 store] 
Database 'C:\Users\itwspsx\Desktop\WareHouse\objectdb\db\Stock.odb' is opened by 2132@DESKTOP-QHVITT6

[2018-11-14 00:53:36 #2 store] 
Configuration path: C:\Users\itwspsx\Desktop\WareHouse\objectdb\objectdb.conf

[2018-11-14 00:53:36 #3 type] 
Type product.Product is not enhanced.

[2018-11-14 00:53:36 #4 type] 
Type user.User is not enhanced.

------------------------------------------------------------------------------------------------------------------------

[2018-11-14 01:07:06 #1 store] 
Database 'C:\Users\itwspsx\Desktop\WareHouse\objectdb\db\Stock.odb' is opened by 18340@DESKTOP-QHVITT6

[2018-11-14 01:07:06 #2 store] 
Configuration path: C:\Users\itwspsx\Desktop\WareHouse\objectdb\objectdb.conf

[2018-11-14 01:07:06 #3 type] 
Type product.Product is not enhanced.

[2018-11-14 01:07:06 #4 type] 
Type user.User is not enhanced.

------------------------------------------------------------------------------------------------------------------------

[2018-11-14 01:09:00 #1 store] 
Database 'C:\Users\itwspsx\Desktop\WareHouse\objectdb\db\Stock.odb' is opened by 10636@DESKTOP-QHVITT6

[2018-11-14 01:09:00 #2 store] 
Configuration path: C:\Users\itwspsx\Desktop\WareHouse\objectdb\objectdb.conf

[2018-11-14 01:09:23 #3 store] 
Database 'C:\Users\itwspsx\Desktop\WareHouse\objectdb\db\Stock.odb' is closed by 10636@DESKTOP-QHVITT6

------------------------------------------------------------------------------------------------------------------------

[2018-11-14 01:11:05 #1 store] 
Database 'C:\Users\itwspsx\Desktop\WareHouse\objectdb\db\Stock.odb' is opened by 13860@DESKTOP-QHVITT6

[2018-11-14 01:11:05 #2 store] 
Configuration path: C:\Users\itwspsx\Desktop\WareHouse\objectdb\objectdb.conf

[2018-11-14 01:11:05 #3 type] 
Type product.Product is not enhanced.

[2018-11-14 01:11:05 #4 type] 
Type user.User is not enhanced.

------------------------------------------------------------------------------------------------------------------------

[2018-11-14 01:14:11 #1 store] 
Database 'C:\Users\itwspsx\Desktop\WareHouse\objectdb\db\Stock.odb' is opened by 2296@DESKTOP-QHVITT6

[2018-11-14 01:14:11 #2 store] 
Configuration path: C:\Users\itwspsx\Desktop\WareHouse\objectdb\objectdb.conf

[2018-11-14 01:14:11 #3 type] 
Type product.Product is not enhanced.

[2018-11-14 01:14:11 #4 type] 
Type user.User is not enhanced.

------------------------------------------------------------------------------------------------------------------------

[2018-11-14 01:17:33 #1 store] 
Database 'C:\Users\itwspsx\Desktop\WareHouse\objectdb\db\Stock.odb' is opened by 12976@DESKTOP-QHVITT6

[2018-11-14 01:17:33 #2 store] 
Configuration path: C:\Users\itwspsx\Desktop\WareHouse\objectdb\objectdb.conf

[2018-11-14 01:17:33 #3 type] 
Type product.Product is not enhanced.

[2018-11-14 01:17:33 #4 type] 
Type user.User is not enhanced.

------------------------------------------------------------------------------------------------------------------------

[2018-11-14 01:18:00 #1 store] 
Database 'C:\Users\itwspsx\Desktop\WareHouse\objectdb\db\Stock.odb' is opened by 12892@DESKTOP-QHVITT6

[2018-11-14 01:18:00 #2 store] 
Configuration path: C:\Users\itwspsx\Desktop\WareHouse\objectdb\objectdb.conf

[2018-11-14 01:18:00 #3 type] 
Type product.Product is not enhanced.

[2018-11-14 01:18:00 #4 type] 
Type user.User is not enhanced.

------------------------------------------------------------------------------------------------------------------------

[2018-11-14 01:22:25 #1 store] 
Database 'C:\Users\itwspsx\Desktop\WareHouse\objectdb\db\Stock.odb' has been recovered (tr. 51-56)

[2018-11-14 01:22:25 #2 store] 
Database 'C:\Users\itwspsx\Desktop\WareHouse\objectdb\db\Stock.odb' is opened by 4188@DESKTOP-QHVITT6

[2018-11-14 01:22:25 #3 store] 
Configuration path: C:\Users\itwspsx\Desktop\WareHouse\objectdb\objectdb.conf

[2018-11-14 01:22:25 #4 type] 
Type product.Product is not enhanced.

[2018-11-14 01:22:25 #5 type] 
Type user.User is not enhanced.

------------------------------------------------------------------------------------------------------------------------

[2018-11-14 01:23:21 #1 store] 
Database 'C:\Users\itwspsx\Desktop\WareHouse\objectdb\db\Stock.odb' has been recovered (tr. 57-59)

[2018-11-14 01:23:21 #2 store] 
Database 'C:\Users\itwspsx\Desktop\WareHouse\objectdb\db\Stock.odb' is opened by 13700@DESKTOP-QHVITT6

[2018-11-14 01:23:21 #3 store] 
Configuration path: C:\Users\itwspsx\Desktop\WareHouse\objectdb\objectdb.conf

[2018-11-14 01:23:21 #4 type] 
Type product.Product is not enhanced.

[2018-11-14 01:23:21 #5 type] 
Type user.User is not enhanced.

------------------------------------------------------------------------------------------------------------------------

[2018-11-14 01:24:46 #1 store] 
Database 'C:\Users\itwspsx\Desktop\WareHouse\objectdb\db\Stock.odb' has been recovered (tr. 60-62)

[2018-11-14 01:24:46 #2 store] 
Database 'C:\Users\itwspsx\Desktop\WareHouse\objectdb\db\Stock.odb' is opened by 18572@DESKTOP-QHVITT6

[2018-11-14 01:24:46 #3 store] 
Configuration path: C:\Users\itwspsx\Desktop\WareHouse\objectdb\objectdb.conf

[2018-11-14 01:24:55 #4 store] 
Database 'C:\Users\itwspsx\Desktop\WareHouse\objectdb\db\Stock.odb' is closed by 18572@DESKTOP-QHVITT6

------------------------------------------------------------------------------------------------------------------------

[2018-11-14 01:25:49 #1 store] 
Database 'C:\Users\itwspsx\Desktop\WareHouse\objectdb\db\Stock.odb' is opened by 15424@DESKTOP-QHVITT6

[2018-11-14 01:25:49 #2 store] 
Configuration path: C:\Users\itwspsx\Desktop\WareHouse\objectdb\objectdb.conf

[2018-11-14 01:25:49 #3 type] 
Type product.Product is not enhanced.

[2018-11-14 01:25:49 #4 type] 
Type user.User is not enhanced.

------------------------------------------------------------------------------------------------------------------------

[2018-11-14 01:26:55 #1 store] 
Database 'C:\Users\itwspsx\Desktop\WareHouse\objectdb\db\Stock.odb' has been recovered (tr. 63-63)

[2018-11-14 01:26:55 #2 store] 
Database 'C:\Users\itwspsx\Desktop\WareHouse\objectdb\db\Stock.odb' is opened by 11328@DESKTOP-QHVITT6

[2018-11-14 01:26:55 #3 store] 
Configuration path: C:\Users\itwspsx\Desktop\WareHouse\objectdb\objectdb.conf

[2018-11-14 01:26:56 #4 type] 
Type product.Product is not enhanced.

[2018-11-14 01:26:56 #5 type] 
Type user.User is not enhanced.

------------------------------------------------------------------------------------------------------------------------

[2018-11-14 01:28:39 #1 store] 
Database 'C:\Users\itwspsx\Desktop\WareHouse\objectdb\db\Stock.odb' has been recovered (tr. 64-64)

[2018-11-14 01:28:39 #2 store] 
Database 'C:\Users\itwspsx\Desktop\WareHouse\objectdb\db\Stock.odb' is opened by 19176@DESKTOP-QHVITT6

[2018-11-14 01:28:39 #3 store] 
Configuration path: C:\Users\itwspsx\Desktop\WareHouse\objectdb\objectdb.conf

[2018-11-14 01:28:39 #4 type] 
Type product.Product is not enhanced.

[2018-11-14 01:28:39 #5 type] 
Type user.User is not enhanced.

------------------------------------------------------------------------------------------------------------------------

[2018-11-14 01:29:08 #1 store] 
Database 'C:\Users\itwspsx\Desktop\WareHouse\objectdb\db\Stock.odb' has been recovered (tr. 65-65)

[2018-11-14 01:29:08 #2 store] 
Database 'C:\Users\itwspsx\Desktop\WareHouse\objectdb\db\Stock.odb' is opened by 6904@DESKTOP-QHVITT6

[2018-11-14 01:29:08 #3 store] 
Configuration path: C:\Users\itwspsx\Desktop\WareHouse\objectdb\objectdb.conf

[2018-11-14 01:29:08 #4 type] 
Type product.Product is not enhanced.

[2018-11-14 01:29:08 #5 type] 
Type user.User is not enhanced.

------------------------------------------------------------------------------------------------------------------------

[2018-11-14 01:30:49 #1 store] 
Database 'C:\Users\itwspsx\Desktop\WareHouse\objectdb\db\Stock.odb' has been recovered (tr. 66-66)

[2018-11-14 01:30:49 #2 store] 
Database 'C:\Users\itwspsx\Desktop\WareHouse\objectdb\db\Stock.odb' is opened by 17744@DESKTOP-QHVITT6

[2018-11-14 01:30:49 #3 store] 
Configuration path: C:\Users\itwspsx\Desktop\WareHouse\objectdb\objectdb.conf

[2018-11-14 01:30:50 #4 type] 
Type product.Product is not enhanced.

[2018-11-14 01:30:50 #5 type] 
Type user.User is not enhanced.

------------------------------------------------------------------------------------------------------------------------

[2018-11-14 01:31:35 #1 store] 
Database 'C:\Users\itwspsx\Desktop\WareHouse\objectdb\db\Stock.odb' has been recovered (tr. 67-69)

[2018-11-14 01:31:35 #2 store] 
Database 'C:\Users\itwspsx\Desktop\WareHouse\objectdb\db\Stock.odb' is opened by 13192@DESKTOP-QHVITT6

[2018-11-14 01:31:35 #3 store] 
Configuration path: C:\Users\itwspsx\Desktop\WareHouse\objectdb\objectdb.conf

[2018-11-14 01:31:35 #4 type] 
Type product.Product is not enhanced.

[2018-11-14 01:31:35 #5 type] 
Type user.User is not enhanced.

------------------------------------------------------------------------------------------------------------------------

[2018-11-14 01:32:02 #1 store] 
Database 'C:\Users\itwspsx\Desktop\WareHouse\objectdb\db\Stock.odb' has been recovered (tr. 70-72)

[2018-11-14 01:32:02 #2 store] 
Database 'C:\Users\itwspsx\Desktop\WareHouse\objectdb\db\Stock.odb' is opened by 4648@DESKTOP-QHVITT6

[2018-11-14 01:32:02 #3 store] 
Configuration path: C:\Users\itwspsx\Desktop\WareHouse\objectdb\objectdb.conf

[2018-11-14 01:32:02 #4 type] 
Type product.Product is not enhanced.

[2018-11-14 01:32:02 #5 type] 
Type user.User is not enhanced.

------------------------------------------------------------------------------------------------------------------------

[2018-11-14 01:32:25 #1 store] 
Database 'C:\Users\itwspsx\Desktop\WareHouse\objectdb\db\Stock.odb' has been recovered (tr. 73-75)

[2018-11-14 01:32:25 #2 store] 
Database 'C:\Users\itwspsx\Desktop\WareHouse\objectdb\db\Stock.odb' is opened by 2352@DESKTOP-QHVITT6

[2018-11-14 01:32:25 #3 store] 
Configuration path: C:\Users\itwspsx\Desktop\WareHouse\objectdb\objectdb.conf

[2018-11-14 01:32:25 #4 type] 
Type product.Product is not enhanced.

[2018-11-14 01:32:25 #5 type] 
Type user.User is not enhanced.

------------------------------------------------------------------------------------------------------------------------

[2018-11-14 01:39:59 #1 store] 
Database 'C:\Users\itwspsx\Desktop\WareHouse\objectdb\db\Stock.odb' has been recovered (tr. 76-78)

[2018-11-14 01:39:59 #2 store] 
Database 'C:\Users\itwspsx\Desktop\WareHouse\objectdb\db\Stock.odb' is opened by 14140@DESKTOP-QHVITT6

[2018-11-14 01:39:59 #3 store] 
Configuration path: C:\Users\itwspsx\Desktop\WareHouse\objectdb\objectdb.conf

[2018-11-14 01:40:00 #4 type] 
Type product.Product is not enhanced.

[2018-11-14 01:40:00 #5 type] 
Type user.User is not enhanced.

------------------------------------------------------------------------------------------------------------------------

[2018-11-14 01:41:53 #1 store] 
Database 'C:\Users\itwspsx\Desktop\WareHouse\objectdb\db\Stock.odb' is opened by 6660@DESKTOP-QHVITT6

[2018-11-14 01:41:53 #2 store] 
Configuration path: C:\Users\itwspsx\Desktop\WareHouse\objectdb\objectdb.conf

[2018-11-14 01:41:53 #3 type] 
Type product.Product is not enhanced.

[2018-11-14 01:41:53 #4 type] 
Type user.User is not enhanced.

------------------------------------------------------------------------------------------------------------------------

[2018-11-14 01:42:48 #1 store] 
Database 'C:\Users\itwspsx\Desktop\WareHouse\objectdb\db\Stock.odb' is opened by 16812@DESKTOP-QHVITT6

[2018-11-14 01:42:48 #2 store] 
Configuration path: C:\Users\itwspsx\Desktop\WareHouse\objectdb\objectdb.conf

[2018-11-14 01:42:48 #3 type] 
Type product.Product is not enhanced.

[2018-11-14 01:42:48 #4 type] 
Type user.User is not enhanced.

------------------------------------------------------------------------------------------------------------------------

[2018-11-14 01:46:08 #1 store] 
Database 'C:\Users\itwspsx\Desktop\WareHouse\objectdb\db\Stock.odb' is opened by 17236@DESKTOP-QHVITT6

[2018-11-14 01:46:08 #2 store] 
Configuration path: C:\Users\itwspsx\Desktop\WareHouse\objectdb\objectdb.conf

[2018-11-14 01:46:08 #3 type] 
Type product.Product is not enhanced.

[2018-11-14 01:46:08 #4 type] 
Type user.User is not enhanced.

------------------------------------------------------------------------------------------------------------------------

[2018-11-14 01:48:23 #1 store] 
Database 'C:\Users\itwspsx\Desktop\WareHouse\objectdb\db\Stock.odb' is opened by 7188@DESKTOP-QHVITT6

[2018-11-14 01:48:23 #2 store] 
Configuration path: C:\Users\itwspsx\Desktop\WareHouse\objectdb\objectdb.conf

[2018-11-14 01:48:23 #3 type] 
Type product.Product is not enhanced.

[2018-11-14 01:48:23 #4 type] 
Type user.User is not enhanced.

------------------------------------------------------------------------------------------------------------------------

[2018-11-14 01:51:56 #1 store] 
Database 'C:\Users\itwspsx\Desktop\WareHouse\objectdb\db\Stock.odb' is opened by 15052@DESKTOP-QHVITT6

[2018-11-14 01:51:56 #2 store] 
Configuration path: C:\Users\itwspsx\Desktop\WareHouse\objectdb\objectdb.conf

[2018-11-14 01:51:57 #3 type] 
Type product.Product is not enhanced.

[2018-11-14 01:51:57 #4 type] 
Type user.User is not enhanced.

------------------------------------------------------------------------------------------------------------------------

[2018-11-14 01:53:54 #1 store] 
Database 'C:\Users\itwspsx\Desktop\WareHouse\objectdb\db\Stock.odb' is opened by 252@DESKTOP-QHVITT6

[2018-11-14 01:53:54 #2 store] 
Configuration path: C:\Users\itwspsx\Desktop\WareHouse\objectdb\objectdb.conf

[2018-11-14 01:53:54 #3 type] 
Type product.Product is not enhanced.

[2018-11-14 01:53:54 #4 type] 
Type user.User is not enhanced.

------------------------------------------------------------------------------------------------------------------------

[2018-11-14 01:56:43 #1 store] 
Database 'C:\Users\itwspsx\Desktop\WareHouse\objectdb\db\Stock.odb' is opened by 10304@DESKTOP-QHVITT6

[2018-11-14 01:56:43 #2 store] 
Configuration path: C:\Users\itwspsx\Desktop\WareHouse\objectdb\objectdb.conf

[2018-11-14 01:56:43 #3 type] 
Type product.Product is not enhanced.

[2018-11-14 01:56:43 #4 type] 
Type user.User is not enhanced.

------------------------------------------------------------------------------------------------------------------------

[2018-11-14 01:59:51 #1 store] 
Database 'C:\Users\itwspsx\Desktop\WareHouse\objectdb\db\Stock.odb' is opened by 18376@DESKTOP-QHVITT6

[2018-11-14 01:59:51 #2 store] 
Configuration path: C:\Users\itwspsx\Desktop\WareHouse\objectdb\objectdb.conf

[2018-11-14 01:59:51 #3 type] 
Type product.Product is not enhanced.

[2018-11-14 01:59:51 #4 type] 
Type user.User is not enhanced.

------------------------------------------------------------------------------------------------------------------------

[2018-11-14 02:01:27 #1 store] 
Database 'C:\Users\itwspsx\Desktop\WareHouse\objectdb\db\Stock.odb' is opened by 17136@DESKTOP-QHVITT6

[2018-11-14 02:01:27 #2 store] 
Configuration path: C:\Users\itwspsx\Desktop\WareHouse\objectdb\objectdb.conf

[2018-11-14 02:01:27 #3 type] 
Type product.Product is not enhanced.

[2018-11-14 02:01:27 #4 type] 
Type user.User is not enhanced.

------------------------------------------------------------------------------------------------------------------------

[2018-11-14 02:05:08 #1 store] 
Database 'C:\Users\itwspsx\Desktop\WareHouse\objectdb\db\Stock.odb' is opened by 18044@DESKTOP-QHVITT6

[2018-11-14 02:05:08 #2 store] 
Configuration path: C:\Users\itwspsx\Desktop\WareHouse\objectdb\objectdb.conf

[2018-11-14 02:05:08 #3 type] 
Type product.Product is not enhanced.

[2018-11-14 02:05:08 #4 type] 
Type user.User is not enhanced.

------------------------------------------------------------------------------------------------------------------------

[2018-11-14 02:06:20 #1 store] 
Database 'C:\Users\itwspsx\Desktop\WareHouse\objectdb\db\Stock.odb' is opened by 6852@DESKTOP-QHVITT6

[2018-11-14 02:06:20 #2 store] 
Configuration path: C:\Users\itwspsx\Desktop\WareHouse\objectdb\objectdb.conf

[2018-11-14 02:06:20 #3 type] 
Type product.Product is not enhanced.

[2018-11-14 02:06:20 #4 type] 
Type user.User is not enhanced.

------------------------------------------------------------------------------------------------------------------------

[2018-11-14 02:07:05 #1 store] 
Database 'C:\Users\itwspsx\Desktop\WareHouse\objectdb\db\Stock.odb' is opened by 14240@DESKTOP-QHVITT6

[2018-11-14 02:07:05 #2 store] 
Configuration path: C:\Users\itwspsx\Desktop\WareHouse\objectdb\objectdb.conf

[2018-11-14 02:07:05 #3 type] 
Type product.Product is not enhanced.

[2018-11-14 02:07:05 #4 type] 
Type user.User is not enhanced.

------------------------------------------------------------------------------------------------------------------------

[2018-11-14 02:30:25 #1 store] 
Database 'C:\Users\itwspsx\Desktop\WareHouse\objectdb\db\Stock.odb' is opened by 15472@DESKTOP-QHVITT6

[2018-11-14 02:30:25 #2 store] 
Configuration path: C:\Users\itwspsx\Desktop\WareHouse\objectdb\objectdb.conf

[2018-11-14 02:30:25 #3 type] 
Type product.Product is not enhanced.

[2018-11-14 02:30:25 #4 type] 
Type user.User is not enhanced.

------------------------------------------------------------------------------------------------------------------------

[2018-11-14 02:35:07 #1 store] 
Database 'C:\Users\itwspsx\Desktop\WareHouse\objectdb\db\Stock.odb' is opened by 5268@DESKTOP-QHVITT6

[2018-11-14 02:35:07 #2 store] 
Configuration path: C:\Users\itwspsx\Desktop\WareHouse\objectdb\objectdb.conf

[2018-11-14 02:35:07 #3 type] 
Type product.Product is not enhanced.

[2018-11-14 02:35:07 #4 type] 
Type user.User is not enhanced.

[2018-11-14 02:35:07 #5 type.registry] 
New type ordermanagement.OrderProduct

[2018-11-14 02:35:07 #6 type] 
Type ordermanagement.OrderProduct is not enhanced.

[2018-11-14 02:35:07 #7 type.registry] 
New type ordermanagement.Order

[2018-11-14 02:35:07 #8 type] 
Type ordermanagement.Order is not enhanced.

------------------------------------------------------------------------------------------------------------------------

[2018-11-14 02:35:48 #1 store] 
Database 'C:\Users\itwspsx\Desktop\WareHouse\objectdb\db\Stock.odb' has been recovered (tr. 79-81)

[2018-11-14 02:35:48 #2 store] 
Database 'C:\Users\itwspsx\Desktop\WareHouse\objectdb\db\Stock.odb' is opened by 14080@DESKTOP-QHVITT6

[2018-11-14 02:35:48 #3 store] 
Configuration path: C:\Users\itwspsx\Desktop\WareHouse\objectdb\objectdb.conf

[2018-11-14 02:35:48 #4 type] 
Type product.Product is not enhanced.

[2018-11-14 02:35:48 #5 type] 
Type user.User is not enhanced.

[2018-11-14 02:35:48 #6 type] 
Type ordermanagement.OrderProduct is not enhanced.

[2018-11-14 02:35:48 #7 type] 
Type ordermanagement.Order is not enhanced.

------------------------------------------------------------------------------------------------------------------------

[2018-11-14 02:36:19 #1 store] 
Database 'C:\Users\itwspsx\Desktop\WareHouse\objectdb\db\Stock.odb' has been recovered (tr. 82-82)

[2018-11-14 02:36:19 #2 store] 
Database 'C:\Users\itwspsx\Desktop\WareHouse\objectdb\db\Stock.odb' is opened by 14656@DESKTOP-QHVITT6

[2018-11-14 02:36:19 #3 store] 
Configuration path: C:\Users\itwspsx\Desktop\WareHouse\objectdb\objectdb.conf

[2018-11-14 02:36:19 #4 type] 
Type product.Product is not enhanced.

[2018-11-14 02:36:19 #5 type] 
Type user.User is not enhanced.

[2018-11-14 02:36:19 #6 type] 
Type ordermanagement.OrderProduct is not enhanced.

[2018-11-14 02:36:19 #7 type] 
Type ordermanagement.Order is not enhanced.

------------------------------------------------------------------------------------------------------------------------

[2018-11-14 02:37:09 #1 store] 
Database 'C:\Users\itwspsx\Desktop\WareHouse\objectdb\db\Stock.odb' is opened by 15164@DESKTOP-QHVITT6

[2018-11-14 02:37:09 #2 store] 
Configuration path: C:\Users\itwspsx\Desktop\WareHouse\objectdb\objectdb.conf

[2018-11-14 02:37:10 #3 type] 
Type product.Product is not enhanced.

[2018-11-14 02:37:10 #4 type] 
Type user.User is not enhanced.

[2018-11-14 02:37:10 #5 type] 
Type ordermanagement.OrderProduct is not enhanced.

[2018-11-14 02:37:10 #6 type] 
Type ordermanagement.Order is not enhanced.

------------------------------------------------------------------------------------------------------------------------

[2018-11-14 02:38:39 #1 store] 
Database 'C:\Users\itwspsx\Desktop\WareHouse\objectdb\db\Stock.odb' has been recovered (tr. 83-83)

[2018-11-14 02:38:39 #2 store] 
Database 'C:\Users\itwspsx\Desktop\WareHouse\objectdb\db\Stock.odb' is opened by 17472@DESKTOP-QHVITT6

[2018-11-14 02:38:39 #3 store] 
Configuration path: C:\Users\itwspsx\Desktop\WareHouse\objectdb\objectdb.conf

[2018-11-14 02:38:39 #4 type] 
Type product.Product is not enhanced.

[2018-11-14 02:38:39 #5 type] 
Type user.User is not enhanced.

[2018-11-14 02:38:39 #6 type] 
Type ordermanagement.OrderProduct is not enhanced.

[2018-11-14 02:38:39 #7 type] 
Type ordermanagement.Order is not enhanced.

------------------------------------------------------------------------------------------------------------------------

[2018-11-14 02:45:38 #1 store] 
Database 'C:\Users\itwspsx\Desktop\WareHouse\objectdb\db\Stock.odb' is opened by 17800@DESKTOP-QHVITT6

[2018-11-14 02:45:38 #2 store] 
Configuration path: C:\Users\itwspsx\Desktop\WareHouse\objectdb\objectdb.conf

[2018-11-14 02:45:38 #3 type] 
Type product.Product is not enhanced.

[2018-11-14 02:45:38 #4 type] 
Type user.User is not enhanced.

[2018-11-14 02:45:38 #5 type] 
Type ordermanagement.OrderProduct is not enhanced.

[2018-11-14 02:45:38 #6 type] 
Type ordermanagement.Order is not enhanced.

------------------------------------------------------------------------------------------------------------------------

[2018-11-14 02:56:29 #1 store] 
Database 'C:\Users\itwspsx\Desktop\WareHouse\objectdb\db\Stock.odb' has been recovered (tr. 84-84)

[2018-11-14 02:56:29 #2 store] 
Database 'C:\Users\itwspsx\Desktop\WareHouse\objectdb\db\Stock.odb' is opened by 5872@DESKTOP-QHVITT6

[2018-11-14 02:56:29 #3 store] 
Configuration path: C:\Users\itwspsx\Desktop\WareHouse\objectdb\objectdb.conf

[2018-11-14 02:56:30 #4 type] 
Type product.Product is not enhanced.

[2018-11-14 02:56:30 #5 type] 
Type user.User is not enhanced.

[2018-11-14 02:56:30 #6 type] 
Type ordermanagement.OrderProduct is not enhanced.

[2018-11-14 02:56:30 #7 type] 
Type ordermanagement.Order is not enhanced.

------------------------------------------------------------------------------------------------------------------------

[2018-11-14 03:04:07 #1 store] 
Database 'C:\Users\itwspsx\Desktop\WareHouse\objectdb\db\Stock.odb' has been recovered (tr. 85-85)

[2018-11-14 03:04:07 #2 store] 
Database 'C:\Users\itwspsx\Desktop\WareHouse\objectdb\db\Stock.odb' is opened by 272@DESKTOP-QHVITT6

[2018-11-14 03:04:07 #3 store] 
Configuration path: C:\Users\itwspsx\Desktop\WareHouse\objectdb\objectdb.conf

[2018-11-14 03:04:07 #4 type] 
Type product.Product is not enhanced.

[2018-11-14 03:04:07 #5 type] 
Type user.User is not enhanced.

[2018-11-14 03:04:07 #6 type] 
Type ordermanagement.OrderProduct is not enhanced.

[2018-11-14 03:04:07 #7 type] 
Type ordermanagement.Order is not enhanced.

